{"level":"\u001b[31merror\u001b[39m","message":"\u001b[31m❌ Database connection failed: The `uri` parameter to `openUri()` must be a string, got \"undefined\". Make sure the first parameter to `mongoose.connect()` or `mongoose.createConnection()` is a string.\u001b[39m","timestamp":"2025-09-16 17:50:26:5026"}
{"level":"\u001b[33mwarn\u001b[39m","message":"\u001b[33m🔄 Retrying connection (1/5) in 5s...\u001b[39m","timestamp":"2025-09-16 17:50:26:5026"}
{"level":"\u001b[32minfo\u001b[39m","message":"\u001b[32m📊 Creating database indexes...\u001b[39m","timestamp":"2025-09-16 17:50:26:5026"}
{"level":"\u001b[32minfo\u001b[39m","message":"\u001b[32m🚀 Server running on port 5000\u001b[39m","timestamp":"2025-09-16 17:50:26:5026"}
{"level":"\u001b[32minfo\u001b[39m","message":"\u001b[32m📍 API available at http://localhost:5000/api\u001b[39m","timestamp":"2025-09-16 17:50:26:5026"}
{"level":"\u001b[32minfo\u001b[39m","message":"\u001b[32m💻 Environment: development\u001b[39m","timestamp":"2025-09-16 17:50:26:5026"}
{"level":"\u001b[32minfo\u001b[39m","message":"\u001b[32m📊 Health check: http://localhost:5000/health\u001b[39m","timestamp":"2025-09-16 17:50:26:5026"}
{"level":"\u001b[31merror\u001b[39m","message":"\u001b[31m❌ Database connection failed: The `uri` parameter to `openUri()` must be a string, got \"undefined\". Make sure the first parameter to `mongoose.connect()` or `mongoose.createConnection()` is a string.\u001b[39m","timestamp":"2025-09-16 17:50:31:5031"}
{"level":"\u001b[33mwarn\u001b[39m","message":"\u001b[33m🔄 Retrying connection (2/5) in 5s...\u001b[39m","timestamp":"2025-09-16 17:50:31:5031"}
{"level":"\u001b[31merror\u001b[39m","message":"\u001b[31m❌ Failed to create indexes: Operation `users.createIndex()` buffering timed out after 10000ms\u001b[39m","timestamp":"2025-09-16 17:50:36:5036"}
{"level":"\u001b[32minfo\u001b[39m","message":"\u001b[32m✅ Database initialization completed\u001b[39m","timestamp":"2025-09-16 17:50:36:5036"}
{"level":"\u001b[31merror\u001b[39m","message":"\u001b[31m❌ Database connection failed: The `uri` parameter to `openUri()` must be a string, got \"undefined\". Make sure the first parameter to `mongoose.connect()` or `mongoose.createConnection()` is a string.\u001b[39m","timestamp":"2025-09-16 17:50:36:5036"}
{"level":"\u001b[33mwarn\u001b[39m","message":"\u001b[33m🔄 Retrying connection (3/5) in 5s...\u001b[39m","timestamp":"2025-09-16 17:50:36:5036"}
{"level":"\u001b[31merror\u001b[39m","message":"\u001b[31m❌ Database connection failed: The `uri` parameter to `openUri()` must be a string, got \"undefined\". Make sure the first parameter to `mongoose.connect()` or `mongoose.createConnection()` is a string.\u001b[39m","timestamp":"2025-09-16 17:50:41:5041"}
{"level":"\u001b[33mwarn\u001b[39m","message":"\u001b[33m🔄 Retrying connection (4/5) in 5s...\u001b[39m","timestamp":"2025-09-16 17:50:41:5041"}
{"level":"\u001b[31merror\u001b[39m","message":"\u001b[31m❌ Database connection failed: The `uri` parameter to `openUri()` must be a string, got \"undefined\". Make sure the first parameter to `mongoose.connect()` or `mongoose.createConnection()` is a string.\u001b[39m","timestamp":"2025-09-16 17:50:46:5046"}
{"level":"\u001b[33mwarn\u001b[39m","message":"\u001b[33m🔄 Retrying connection (5/5) in 5s...\u001b[39m","timestamp":"2025-09-16 17:50:46:5046"}
{"level":"\u001b[31merror\u001b[39m","message":"\u001b[31m❌ Database connection failed: The `uri` parameter to `openUri()` must be a string, got \"undefined\". Make sure the first parameter to `mongoose.connect()` or `mongoose.createConnection()` is a string.\u001b[39m","timestamp":"2025-09-16 17:50:51:5051"}
{"level":"\u001b[31merror\u001b[39m","message":"\u001b[31m❌ Database connection failed: The `uri` parameter to `openUri()` must be a string, got \"undefined\". Make sure the first parameter to `mongoose.connect()` or `mongoose.createConnection()` is a string.\u001b[39m","timestamp":"2025-09-16 20:49:49:4949"}
{"level":"\u001b[33mwarn\u001b[39m","message":"\u001b[33m🔄 Retrying connection (1/5) in 5s...\u001b[39m","timestamp":"2025-09-16 20:49:49:4949"}
{"level":"\u001b[32minfo\u001b[39m","message":"\u001b[32m📊 Creating database indexes...\u001b[39m","timestamp":"2025-09-16 20:49:49:4949"}
{"level":"\u001b[32minfo\u001b[39m","message":"\u001b[32m🚀 Server running on port 8000\u001b[39m","timestamp":"2025-09-16 20:49:49:4949"}
{"level":"\u001b[32minfo\u001b[39m","message":"\u001b[32m📍 API available at http://localhost:8000/api\u001b[39m","timestamp":"2025-09-16 20:49:49:4949"}
{"level":"\u001b[32minfo\u001b[39m","message":"\u001b[32m💻 Environment: development\u001b[39m","timestamp":"2025-09-16 20:49:49:4949"}
{"level":"\u001b[32minfo\u001b[39m","message":"\u001b[32m📊 Health check: http://localhost:8000/health\u001b[39m","timestamp":"2025-09-16 20:49:49:4949"}
{"level":"\u001b[31merror\u001b[39m","message":"\u001b[31m❌ Database connection failed: The `uri` parameter to `openUri()` must be a string, got \"undefined\". Make sure the first parameter to `mongoose.connect()` or `mongoose.createConnection()` is a string.\u001b[39m","timestamp":"2025-09-16 20:49:54:4954"}
{"level":"\u001b[33mwarn\u001b[39m","message":"\u001b[33m🔄 Retrying connection (2/5) in 5s...\u001b[39m","timestamp":"2025-09-16 20:49:54:4954"}
{"level":"\u001b[31merror\u001b[39m","message":"\u001b[31m❌ Failed to create indexes: Operation `users.createIndex()` buffering timed out after 10000ms\u001b[39m","timestamp":"2025-09-16 20:49:59:4959"}
{"level":"\u001b[32minfo\u001b[39m","message":"\u001b[32m✅ Database initialization completed\u001b[39m","timestamp":"2025-09-16 20:49:59:4959"}
{"level":"\u001b[31merror\u001b[39m","message":"\u001b[31m❌ Database connection failed: The `uri` parameter to `openUri()` must be a string, got \"undefined\". Make sure the first parameter to `mongoose.connect()` or `mongoose.createConnection()` is a string.\u001b[39m","timestamp":"2025-09-16 20:49:59:4959"}
{"level":"\u001b[33mwarn\u001b[39m","message":"\u001b[33m🔄 Retrying connection (3/5) in 5s...\u001b[39m","timestamp":"2025-09-16 20:49:59:4959"}
{"level":"\u001b[31merror\u001b[39m","message":"\u001b[31m❌ Database connection failed: The `uri` parameter to `openUri()` must be a string, got \"undefined\". Make sure the first parameter to `mongoose.connect()` or `mongoose.createConnection()` is a string.\u001b[39m","timestamp":"2025-09-16 20:50:04:504"}
{"level":"\u001b[33mwarn\u001b[39m","message":"\u001b[33m🔄 Retrying connection (4/5) in 5s...\u001b[39m","timestamp":"2025-09-16 20:50:04:504"}
{"level":"\u001b[31merror\u001b[39m","message":"\u001b[31m❌ Database connection failed: The `uri` parameter to `openUri()` must be a string, got \"undefined\". Make sure the first parameter to `mongoose.connect()` or `mongoose.createConnection()` is a string.\u001b[39m","timestamp":"2025-09-16 20:50:09:509"}
{"level":"\u001b[33mwarn\u001b[39m","message":"\u001b[33m🔄 Retrying connection (5/5) in 5s...\u001b[39m","timestamp":"2025-09-16 20:50:09:509"}
{"level":"\u001b[31merror\u001b[39m","message":"\u001b[31m❌ Database connection failed: The `uri` parameter to `openUri()` must be a string, got \"undefined\". Make sure the first parameter to `mongoose.connect()` or `mongoose.createConnection()` is a string.\u001b[39m","timestamp":"2025-09-16 20:50:14:5014"}
{"level":"\u001b[31merror\u001b[39m","message":"\u001b[31m❌ Database connection failed: The `uri` parameter to `openUri()` must be a string, got \"undefined\". Make sure the first parameter to `mongoose.connect()` or `mongoose.createConnection()` is a string.\u001b[39m","timestamp":"2025-09-16 21:11:43:1143"}
{"level":"\u001b[33mwarn\u001b[39m","message":"\u001b[33m🔄 Retrying connection (1/5) in 5s...\u001b[39m","timestamp":"2025-09-16 21:11:43:1143"}
{"level":"\u001b[32minfo\u001b[39m","message":"\u001b[32m📊 Creating database indexes...\u001b[39m","timestamp":"2025-09-16 21:11:43:1143"}
{"level":"\u001b[32minfo\u001b[39m","message":"\u001b[32m🚀 Server running on port 8000\u001b[39m","timestamp":"2025-09-16 21:11:43:1143"}
{"level":"\u001b[32minfo\u001b[39m","message":"\u001b[32m📍 API available at http://localhost:8000/api\u001b[39m","timestamp":"2025-09-16 21:11:43:1143"}
{"level":"\u001b[32minfo\u001b[39m","message":"\u001b[32m💻 Environment: development\u001b[39m","timestamp":"2025-09-16 21:11:43:1143"}
{"level":"\u001b[32minfo\u001b[39m","message":"\u001b[32m📊 Health check: http://localhost:8000/health\u001b[39m","timestamp":"2025-09-16 21:11:43:1143"}
{"level":"\u001b[31merror\u001b[39m","message":"\u001b[31m❌ Database connection failed: The `uri` parameter to `openUri()` must be a string, got \"undefined\". Make sure the first parameter to `mongoose.connect()` or `mongoose.createConnection()` is a string.\u001b[39m","timestamp":"2025-09-16 21:11:48:1148"}
{"level":"\u001b[33mwarn\u001b[39m","message":"\u001b[33m🔄 Retrying connection (2/5) in 5s...\u001b[39m","timestamp":"2025-09-16 21:11:48:1148"}
{"level":"\u001b[31merror\u001b[39m","message":"\u001b[31m❌ Failed to create indexes: Operation `users.createIndex()` buffering timed out after 10000ms\u001b[39m","timestamp":"2025-09-16 21:11:53:1153"}
{"level":"\u001b[32minfo\u001b[39m","message":"\u001b[32m✅ Database initialization completed\u001b[39m","timestamp":"2025-09-16 21:11:53:1153"}
{"level":"\u001b[31merror\u001b[39m","message":"\u001b[31m❌ Database connection failed: The `uri` parameter to `openUri()` must be a string, got \"undefined\". Make sure the first parameter to `mongoose.connect()` or `mongoose.createConnection()` is a string.\u001b[39m","timestamp":"2025-09-16 21:11:53:1153"}
{"level":"\u001b[33mwarn\u001b[39m","message":"\u001b[33m🔄 Retrying connection (3/5) in 5s...\u001b[39m","timestamp":"2025-09-16 21:11:53:1153"}
{"level":"\u001b[31merror\u001b[39m","message":"\u001b[31m❌ Database connection failed: The `uri` parameter to `openUri()` must be a string, got \"undefined\". Make sure the first parameter to `mongoose.connect()` or `mongoose.createConnection()` is a string.\u001b[39m","timestamp":"2025-09-16 21:11:58:1158"}
{"level":"\u001b[33mwarn\u001b[39m","message":"\u001b[33m🔄 Retrying connection (4/5) in 5s...\u001b[39m","timestamp":"2025-09-16 21:11:58:1158"}
{"level":"\u001b[31merror\u001b[39m","message":"\u001b[31m❌ Database connection failed: The `uri` parameter to `openUri()` must be a string, got \"undefined\". Make sure the first parameter to `mongoose.connect()` or `mongoose.createConnection()` is a string.\u001b[39m","timestamp":"2025-09-16 21:12:03:123"}
{"level":"\u001b[33mwarn\u001b[39m","message":"\u001b[33m🔄 Retrying connection (5/5) in 5s...\u001b[39m","timestamp":"2025-09-16 21:12:03:123"}
{"level":"\u001b[31merror\u001b[39m","message":"\u001b[31m❌ Database connection failed: The `uri` parameter to `openUri()` must be a string, got \"undefined\". Make sure the first parameter to `mongoose.connect()` or `mongoose.createConnection()` is a string.\u001b[39m","timestamp":"2025-09-16 21:12:08:128"}
{"level":"\u001b[31merror\u001b[39m","message":"\u001b[31m❌ Database connection failed: option buffermaxentries is not supported\u001b[39m","timestamp":"2025-09-16 21:48:07:487"}
{"level":"\u001b[33mwarn\u001b[39m","message":"\u001b[33m🔄 Retrying connection (1/5) in 5s...\u001b[39m","timestamp":"2025-09-16 21:48:07:487"}
{"level":"\u001b[32minfo\u001b[39m","message":"\u001b[32m📊 Creating database indexes...\u001b[39m","timestamp":"2025-09-16 21:48:07:487"}
{"level":"\u001b[31merror\u001b[39m","message":"\u001b[31m❌ Failed to create indexes: Cannot call `users.createIndex()` before initial connection is complete if `bufferCommands = false`. Make sure you `await mongoose.connect()` if you have `bufferCommands = false`.\u001b[39m","timestamp":"2025-09-16 21:48:07:487"}
{"level":"\u001b[32minfo\u001b[39m","message":"\u001b[32m✅ Database initialization completed\u001b[39m","timestamp":"2025-09-16 21:48:07:487"}
{"level":"\u001b[32minfo\u001b[39m","message":"\u001b[32m🚀 Server running on port 5000\u001b[39m","timestamp":"2025-09-16 21:48:07:487"}
{"level":"\u001b[32minfo\u001b[39m","message":"\u001b[32m📍 API available at http://localhost:5000/api\u001b[39m","timestamp":"2025-09-16 21:48:07:487"}
{"level":"\u001b[32minfo\u001b[39m","message":"\u001b[32m💻 Environment: development\u001b[39m","timestamp":"2025-09-16 21:48:07:487"}
{"level":"\u001b[32minfo\u001b[39m","message":"\u001b[32m📊 Health check: http://localhost:5000/health\u001b[39m","timestamp":"2025-09-16 21:48:07:487"}
{"level":"\u001b[32minfo\u001b[39m","message":"\u001b[32m🔧 Development mode: Enhanced logging enabled\u001b[39m","timestamp":"2025-09-16 21:48:07:487"}
{"level":"\u001b[31merror\u001b[39m","message":"\u001b[31m❌ Database connection failed: option buffermaxentries is not supported\u001b[39m","timestamp":"2025-09-16 21:48:12:4812"}
{"level":"\u001b[33mwarn\u001b[39m","message":"\u001b[33m🔄 Retrying connection (2/5) in 5s...\u001b[39m","timestamp":"2025-09-16 21:48:12:4812"}
{"level":"\u001b[31merror\u001b[39m","message":"\u001b[31m❌ Database connection failed: option buffermaxentries is not supported\u001b[39m","timestamp":"2025-09-16 21:48:17:4817"}
{"level":"\u001b[33mwarn\u001b[39m","message":"\u001b[33m🔄 Retrying connection (3/5) in 5s...\u001b[39m","timestamp":"2025-09-16 21:48:17:4817"}
{"level":"\u001b[31merror\u001b[39m","message":"\u001b[31m❌ Database connection failed: option buffermaxentries is not supported\u001b[39m","timestamp":"2025-09-16 21:48:22:4822"}
{"level":"\u001b[33mwarn\u001b[39m","message":"\u001b[33m🔄 Retrying connection (4/5) in 5s...\u001b[39m","timestamp":"2025-09-16 21:48:22:4822"}
{"level":"\u001b[31merror\u001b[39m","message":"\u001b[31m❌ Database connection failed: option buffermaxentries is not supported\u001b[39m","timestamp":"2025-09-16 21:48:27:4827"}
{"level":"\u001b[33mwarn\u001b[39m","message":"\u001b[33m🔄 Retrying connection (5/5) in 5s...\u001b[39m","timestamp":"2025-09-16 21:48:27:4827"}
{"level":"\u001b[31merror\u001b[39m","message":"\u001b[31m❌ Database connection failed: option buffermaxentries is not supported\u001b[39m","timestamp":"2025-09-16 21:48:32:4832"}
{"level":"\u001b[32minfo\u001b[39m","message":"\u001b[32m🚀 Server running on port 5000\u001b[39m","timestamp":"2025-09-16 21:50:52:5052"}
{"level":"\u001b[32minfo\u001b[39m","message":"\u001b[32m📍 API available at http://localhost:5000/api\u001b[39m","timestamp":"2025-09-16 21:50:52:5052"}
{"level":"\u001b[32minfo\u001b[39m","message":"\u001b[32m💻 Environment: development\u001b[39m","timestamp":"2025-09-16 21:50:52:5052"}
{"level":"\u001b[32minfo\u001b[39m","message":"\u001b[32m📊 Health check: http://localhost:5000/health\u001b[39m","timestamp":"2025-09-16 21:50:52:5052"}
{"level":"\u001b[32minfo\u001b[39m","message":"\u001b[32m🔧 Development mode: Enhanced logging enabled\u001b[39m","timestamp":"2025-09-16 21:50:52:5052"}
{"level":"\u001b[32minfo\u001b[39m","message":"\u001b[32m✅ MongoDB Connected: ac-h36j9kv-shard-00-00.1w8obb7.mongodb.net\u001b[39m","timestamp":"2025-09-16 21:50:55:5055"}
{"level":"\u001b[32minfo\u001b[39m","message":"\u001b[32m📊 Database: test\u001b[39m","timestamp":"2025-09-16 21:50:55:5055"}
{"level":"\u001b[32minfo\u001b[39m","message":"\u001b[32m📊 Creating database indexes...\u001b[39m","timestamp":"2025-09-16 21:50:55:5055"}
{"level":"\u001b[32minfo\u001b[39m","message":"\u001b[32m✅ Database indexes created successfully\u001b[39m","timestamp":"2025-09-16 21:50:58:5058"}
{"level":"\u001b[32minfo\u001b[39m","message":"\u001b[32m✅ Database initialization completed\u001b[39m","timestamp":"2025-09-16 21:50:58:5058"}
{"level":"\u001b[32minfo\u001b[39m","message":"\u001b[32m🚀 Server running on port 5000\u001b[39m","timestamp":"2025-09-16 21:55:55:5555"}
{"level":"\u001b[32minfo\u001b[39m","message":"\u001b[32m📍 API available at http://localhost:5000/api\u001b[39m","timestamp":"2025-09-16 21:55:55:5555"}
{"level":"\u001b[32minfo\u001b[39m","message":"\u001b[32m💻 Environment: development\u001b[39m","timestamp":"2025-09-16 21:55:55:5555"}
{"level":"\u001b[32minfo\u001b[39m","message":"\u001b[32m📊 Health check: http://localhost:5000/health\u001b[39m","timestamp":"2025-09-16 21:55:55:5555"}
{"level":"\u001b[32minfo\u001b[39m","message":"\u001b[32m🔧 Development mode: Enhanced logging enabled\u001b[39m","timestamp":"2025-09-16 21:55:55:5555"}
{"level":"\u001b[32minfo\u001b[39m","message":"\u001b[32m✅ MongoDB Connected: ac-h36j9kv-shard-00-00.1w8obb7.mongodb.net\u001b[39m","timestamp":"2025-09-16 21:55:58:5558"}
{"level":"\u001b[32minfo\u001b[39m","message":"\u001b[32m📊 Database: test\u001b[39m","timestamp":"2025-09-16 21:55:58:5558"}
{"level":"\u001b[32minfo\u001b[39m","message":"\u001b[32m📊 Creating database indexes...\u001b[39m","timestamp":"2025-09-16 21:55:58:5558"}
{"level":"\u001b[32minfo\u001b[39m","message":"\u001b[32m✅ Database indexes created successfully\u001b[39m","timestamp":"2025-09-16 21:56:00:560"}
{"level":"\u001b[32minfo\u001b[39m","message":"\u001b[32m✅ Database initialization completed\u001b[39m","timestamp":"2025-09-16 21:56:00:560"}
{"level":"\u001b[32minfo\u001b[39m","message":"\u001b[32m🚀 Server running on port 5000\u001b[39m","timestamp":"2025-09-16 21:59:54:5954"}
{"level":"\u001b[32minfo\u001b[39m","message":"\u001b[32m📍 API available at http://localhost:5000/api\u001b[39m","timestamp":"2025-09-16 21:59:54:5954"}
{"level":"\u001b[32minfo\u001b[39m","message":"\u001b[32m💻 Environment: development\u001b[39m","timestamp":"2025-09-16 21:59:54:5954"}
{"level":"\u001b[32minfo\u001b[39m","message":"\u001b[32m📊 Health check: http://localhost:5000/health\u001b[39m","timestamp":"2025-09-16 21:59:54:5954"}
{"level":"\u001b[32minfo\u001b[39m","message":"\u001b[32m🔧 Development mode: Enhanced logging enabled\u001b[39m","timestamp":"2025-09-16 21:59:54:5954"}
{"level":"\u001b[32minfo\u001b[39m","message":"\u001b[32m✅ MongoDB Connected: ac-h36j9kv-shard-00-00.1w8obb7.mongodb.net\u001b[39m","timestamp":"2025-09-16 21:59:56:5956"}
{"level":"\u001b[32minfo\u001b[39m","message":"\u001b[32m📊 Database: test\u001b[39m","timestamp":"2025-09-16 21:59:56:5956"}
{"level":"\u001b[32minfo\u001b[39m","message":"\u001b[32m📊 Creating database indexes...\u001b[39m","timestamp":"2025-09-16 21:59:56:5956"}
{"level":"\u001b[32minfo\u001b[39m","message":"\u001b[32m✅ Database indexes created successfully\u001b[39m","timestamp":"2025-09-16 21:59:59:5959"}
{"level":"\u001b[32minfo\u001b[39m","message":"\u001b[32m✅ Database initialization completed\u001b[39m","timestamp":"2025-09-16 21:59:59:5959"}
{"level":"\u001b[32minfo\u001b[39m","message":"\u001b[32m🚀 Server running on port 5000\u001b[39m","timestamp":"2025-09-16 22:26:29:2629"}
{"level":"\u001b[32minfo\u001b[39m","message":"\u001b[32m📍 API available at http://localhost:5000/api\u001b[39m","timestamp":"2025-09-16 22:26:29:2629"}
{"level":"\u001b[32minfo\u001b[39m","message":"\u001b[32m💻 Environment: development\u001b[39m","timestamp":"2025-09-16 22:26:29:2629"}
{"level":"\u001b[32minfo\u001b[39m","message":"\u001b[32m📊 Health check: http://localhost:5000/health\u001b[39m","timestamp":"2025-09-16 22:26:29:2629"}
{"level":"\u001b[32minfo\u001b[39m","message":"\u001b[32m🔧 Development mode: Enhanced logging enabled\u001b[39m","timestamp":"2025-09-16 22:26:29:2629"}
{"level":"\u001b[32minfo\u001b[39m","message":"\u001b[32m🚀 Server running on port 5000\u001b[39m","timestamp":"2025-09-16 22:26:32:2632"}
{"level":"\u001b[32minfo\u001b[39m","message":"\u001b[32m📍 API available at http://localhost:5000/api\u001b[39m","timestamp":"2025-09-16 22:26:32:2632"}
{"level":"\u001b[32minfo\u001b[39m","message":"\u001b[32m💻 Environment: development\u001b[39m","timestamp":"2025-09-16 22:26:32:2632"}
{"level":"\u001b[32minfo\u001b[39m","message":"\u001b[32m📊 Health check: http://localhost:5000/health\u001b[39m","timestamp":"2025-09-16 22:26:32:2632"}
{"level":"\u001b[32minfo\u001b[39m","message":"\u001b[32m🔧 Development mode: Enhanced logging enabled\u001b[39m","timestamp":"2025-09-16 22:26:32:2632"}
{"level":"\u001b[32minfo\u001b[39m","message":"\u001b[32m✅ MongoDB Connected: ac-h36j9kv-shard-00-00.1w8obb7.mongodb.net\u001b[39m","timestamp":"2025-09-16 22:26:34:2634"}
{"level":"\u001b[32minfo\u001b[39m","message":"\u001b[32m📊 Database: test\u001b[39m","timestamp":"2025-09-16 22:26:34:2634"}
{"level":"\u001b[32minfo\u001b[39m","message":"\u001b[32m📊 Creating database indexes...\u001b[39m","timestamp":"2025-09-16 22:26:34:2634"}
{"level":"\u001b[32minfo\u001b[39m","message":"\u001b[32m✅ Database indexes created successfully\u001b[39m","timestamp":"2025-09-16 22:26:36:2636"}
{"level":"\u001b[32minfo\u001b[39m","message":"\u001b[32m✅ Database initialization completed: Connection successful\u001b[39m","timestamp":"2025-09-16 22:26:36:2636"}
{"level":"\u001b[32minfo\u001b[39m","message":"\u001b[32m🚀 Server running on port 5000\u001b[39m","timestamp":"2025-09-16 22:26:39:2639"}
{"level":"\u001b[32minfo\u001b[39m","message":"\u001b[32m📍 API available at http://localhost:5000/api\u001b[39m","timestamp":"2025-09-16 22:26:39:2639"}
{"level":"\u001b[32minfo\u001b[39m","message":"\u001b[32m💻 Environment: development\u001b[39m","timestamp":"2025-09-16 22:26:39:2639"}
{"level":"\u001b[32minfo\u001b[39m","message":"\u001b[32m📊 Health check: http://localhost:5000/health\u001b[39m","timestamp":"2025-09-16 22:26:39:2639"}
{"level":"\u001b[32minfo\u001b[39m","message":"\u001b[32m🔧 Development mode: Enhanced logging enabled\u001b[39m","timestamp":"2025-09-16 22:26:39:2639"}
{"level":"\u001b[32minfo\u001b[39m","message":"\u001b[32m✅ MongoDB Connected: ac-h36j9kv-shard-00-00.1w8obb7.mongodb.net\u001b[39m","timestamp":"2025-09-16 22:26:41:2641"}
{"level":"\u001b[32minfo\u001b[39m","message":"\u001b[32m📊 Database: test\u001b[39m","timestamp":"2025-09-16 22:26:41:2641"}
{"level":"\u001b[32minfo\u001b[39m","message":"\u001b[32m📊 Creating database indexes...\u001b[39m","timestamp":"2025-09-16 22:26:41:2641"}
{"level":"\u001b[32minfo\u001b[39m","message":"\u001b[32m✅ Database indexes created successfully\u001b[39m","timestamp":"2025-09-16 22:26:43:2643"}
{"level":"\u001b[32minfo\u001b[39m","message":"\u001b[32m✅ Database initialization completed: Connection successful\u001b[39m","timestamp":"2025-09-16 22:26:43:2643"}
{"level":"\u001b[32minfo\u001b[39m","message":"\u001b[32m🚀 Server running on port 5000\u001b[39m","timestamp":"2025-09-16 22:29:45:2945"}
{"level":"\u001b[32minfo\u001b[39m","message":"\u001b[32m📍 API available at http://localhost:5000/api\u001b[39m","timestamp":"2025-09-16 22:29:45:2945"}
{"level":"\u001b[32minfo\u001b[39m","message":"\u001b[32m💻 Environment: development\u001b[39m","timestamp":"2025-09-16 22:29:45:2945"}
{"level":"\u001b[32minfo\u001b[39m","message":"\u001b[32m📊 Health check: http://localhost:5000/health\u001b[39m","timestamp":"2025-09-16 22:29:45:2945"}
{"level":"\u001b[32minfo\u001b[39m","message":"\u001b[32m🔧 Development mode: Enhanced logging enabled\u001b[39m","timestamp":"2025-09-16 22:29:45:2945"}
{"level":"\u001b[32minfo\u001b[39m","message":"\u001b[32m✅ MongoDB Connected: ac-h36j9kv-shard-00-00.1w8obb7.mongodb.net\u001b[39m","timestamp":"2025-09-16 22:29:47:2947"}
{"level":"\u001b[32minfo\u001b[39m","message":"\u001b[32m📊 Database: test\u001b[39m","timestamp":"2025-09-16 22:29:47:2947"}
{"level":"\u001b[32minfo\u001b[39m","message":"\u001b[32m📊 Creating database indexes...\u001b[39m","timestamp":"2025-09-16 22:29:47:2947"}
{"level":"\u001b[32minfo\u001b[39m","message":"\u001b[32m✅ Database indexes created successfully\u001b[39m","timestamp":"2025-09-16 22:29:50:2950"}
{"level":"\u001b[32minfo\u001b[39m","message":"\u001b[32m✅ Database initialization completed: Connection successful\u001b[39m","timestamp":"2025-09-16 22:29:50:2950"}
{"level":"\u001b[35mhttp\u001b[39m","message":"\u001b[35mGET /api/products - ::1\u001b[39m","timestamp":"2025-09-16 22:30:34:3034"}
{"level":"\u001b[31merror\u001b[39m","message":"\u001b[31m{\u001b[39m\n\u001b[31m  \"message\": \"Cannot read properties of undefined (reading 'accessToken')\",\u001b[39m\n\u001b[31m  \"timestamp\": \"2025-09-16T22:30:34.911Z\",\u001b[39m\n\u001b[31m  \"request\": {\u001b[39m\n\u001b[31m    \"method\": \"GET\",\u001b[39m\n\u001b[31m    \"url\": \"/api/products\",\u001b[39m\n\u001b[31m    \"headers\": {\u001b[39m\n\u001b[31m      \"host\": \"localhost:5000\",\u001b[39m\n\u001b[31m      \"connection\": \"keep-alive\",\u001b[39m\n\u001b[31m      \"sec-ch-ua-platform\": \"\\\"Windows\\\"\",\u001b[39m\n\u001b[31m      \"user-agent\": \"Mozilla/5.0 (Windows NT 10.0; Win64; x64) AppleWebKit/537.36 (KHTML, like Gecko) Chrome/140.0.0.0 Safari/537.36\",\u001b[39m\n\u001b[31m      \"sec-ch-ua\": \"\\\"Chromium\\\";v=\\\"140\\\", \\\"Not=A?Brand\\\";v=\\\"24\\\", \\\"Google Chrome\\\";v=\\\"140\\\"\",\u001b[39m\n\u001b[31m      \"content-type\": \"application/json\",\u001b[39m\n\u001b[31m      \"sec-ch-ua-mobile\": \"?0\",\u001b[39m\n\u001b[31m      \"accept\": \"*/*\",\u001b[39m\n\u001b[31m      \"origin\": \"http://localhost:5173\",\u001b[39m\n\u001b[31m      \"sec-fetch-site\": \"same-site\",\u001b[39m\n\u001b[31m      \"sec-fetch-mode\": \"cors\",\u001b[39m\n\u001b[31m      \"sec-fetch-dest\": \"empty\",\u001b[39m\n\u001b[31m      \"referer\": \"http://localhost:5173/\",\u001b[39m\n\u001b[31m      \"accept-encoding\": \"gzip, deflate, br, zstd\",\u001b[39m\n\u001b[31m      \"accept-language\": \"en-US,en;q=0.9\"\u001b[39m\n\u001b[31m    },\u001b[39m\n\u001b[31m    \"body\": {},\u001b[39m\n\u001b[31m    \"params\": {},\u001b[39m\n\u001b[31m    \"query\": {\u001b[39m\n\u001b[31m      \"page\": 1,\u001b[39m\n\u001b[31m      \"limit\": 12,\u001b[39m\n\u001b[31m      \"sortBy\": \"createdAt\",\u001b[39m\n\u001b[31m      \"sortOrder\": \"desc\",\u001b[39m\n\u001b[31m      \"status\": \"active\"\u001b[39m\n\u001b[31m    },\u001b[39m\n\u001b[31m    \"ip\": \"::1\",\u001b[39m\n\u001b[31m    \"userAgent\": \"Mozilla/5.0 (Windows NT 10.0; Win64; x64) AppleWebKit/537.36 (KHTML, like Gecko) Chrome/140.0.0.0 Safari/537.36\"\u001b[39m\n\u001b[31m  }\u001b[39m\n\u001b[31m}\u001b[39m","timestamp":"2025-09-16 22:30:34:3034"}
{"level":"\u001b[31merror\u001b[39m","message":"\u001b[31mGET /api/products 500 - 31ms - ::1\u001b[39m","timestamp":"2025-09-16 22:30:34:3034"}
{"level":"\u001b[35mhttp\u001b[39m","message":"\u001b[35m::1 - - [16/Sep/2025:22:30:34 +0000] \"GET /api/products HTTP/1.1\" 500 1554 \"http://localhost:5173/\" \"Mozilla/5.0 (Windows NT 10.0; Win64; x64) AppleWebKit/537.36 (KHTML, like Gecko) Chrome/140.0.0.0 Safari/537.36\"\u001b[39m","timestamp":"2025-09-16 22:30:34:3034"}
{"level":"\u001b[35mhttp\u001b[39m","message":"\u001b[35mGET /api/products - ::1\u001b[39m","timestamp":"2025-09-16 22:30:34:3034"}
{"level":"\u001b[31merror\u001b[39m","message":"\u001b[31m{\u001b[39m\n\u001b[31m  \"message\": \"Cannot read properties of undefined (reading 'accessToken')\",\u001b[39m\n\u001b[31m  \"timestamp\": \"2025-09-16T22:30:34.958Z\",\u001b[39m\n\u001b[31m  \"request\": {\u001b[39m\n\u001b[31m    \"method\": \"GET\",\u001b[39m\n\u001b[31m    \"url\": \"/api/products\",\u001b[39m\n\u001b[31m    \"headers\": {\u001b[39m\n\u001b[31m      \"host\": \"localhost:5000\",\u001b[39m\n\u001b[31m      \"connection\": \"keep-alive\",\u001b[39m\n\u001b[31m      \"sec-ch-ua-platform\": \"\\\"Windows\\\"\",\u001b[39m\n\u001b[31m      \"user-agent\": \"Mozilla/5.0 (Windows NT 10.0; Win64; x64) AppleWebKit/537.36 (KHTML, like Gecko) Chrome/140.0.0.0 Safari/537.36\",\u001b[39m\n\u001b[31m      \"sec-ch-ua\": \"\\\"Chromium\\\";v=\\\"140\\\", \\\"Not=A?Brand\\\";v=\\\"24\\\", \\\"Google Chrome\\\";v=\\\"140\\\"\",\u001b[39m\n\u001b[31m      \"content-type\": \"application/json\",\u001b[39m\n\u001b[31m      \"sec-ch-ua-mobile\": \"?0\",\u001b[39m\n\u001b[31m      \"accept\": \"*/*\",\u001b[39m\n\u001b[31m      \"origin\": \"http://localhost:5173\",\u001b[39m\n\u001b[31m      \"sec-fetch-site\": \"same-site\",\u001b[39m\n\u001b[31m      \"sec-fetch-mode\": \"cors\",\u001b[39m\n\u001b[31m      \"sec-fetch-dest\": \"empty\",\u001b[39m\n\u001b[31m      \"referer\": \"http://localhost:5173/\",\u001b[39m\n\u001b[31m      \"accept-encoding\": \"gzip, deflate, br, zstd\",\u001b[39m\n\u001b[31m      \"accept-language\": \"en-US,en;q=0.9\"\u001b[39m\n\u001b[31m    },\u001b[39m\n\u001b[31m    \"body\": {},\u001b[39m\n\u001b[31m    \"params\": {},\u001b[39m\n\u001b[31m    \"query\": {\u001b[39m\n\u001b[31m      \"page\": 1,\u001b[39m\n\u001b[31m      \"limit\": 12,\u001b[39m\n\u001b[31m      \"sortBy\": \"createdAt\",\u001b[39m\n\u001b[31m      \"sortOrder\": \"desc\",\u001b[39m\n\u001b[31m      \"status\": \"active\"\u001b[39m\n\u001b[31m    },\u001b[39m\n\u001b[31m    \"ip\": \"::1\",\u001b[39m\n\u001b[31m    \"userAgent\": \"Mozilla/5.0 (Windows NT 10.0; Win64; x64) AppleWebKit/537.36 (KHTML, like Gecko) Chrome/140.0.0.0 Safari/537.36\"\u001b[39m\n\u001b[31m  }\u001b[39m\n\u001b[31m}\u001b[39m","timestamp":"2025-09-16 22:30:34:3034"}
{"level":"\u001b[31merror\u001b[39m","message":"\u001b[31mGET /api/products 500 - 12ms - ::1\u001b[39m","timestamp":"2025-09-16 22:30:34:3034"}
{"level":"\u001b[35mhttp\u001b[39m","message":"\u001b[35m::1 - - [16/Sep/2025:22:30:34 +0000] \"GET /api/products HTTP/1.1\" 500 1554 \"http://localhost:5173/\" \"Mozilla/5.0 (Windows NT 10.0; Win64; x64) AppleWebKit/537.36 (KHTML, like Gecko) Chrome/140.0.0.0 Safari/537.36\"\u001b[39m","timestamp":"2025-09-16 22:30:34:3034"}
{"level":"\u001b[32minfo\u001b[39m","message":"\u001b[32m🚀 Server running on port 5000\u001b[39m","timestamp":"2025-09-16 22:31:05:315"}
{"level":"\u001b[32minfo\u001b[39m","message":"\u001b[32m📍 API available at http://localhost:5000/api\u001b[39m","timestamp":"2025-09-16 22:31:05:315"}
{"level":"\u001b[32minfo\u001b[39m","message":"\u001b[32m💻 Environment: development\u001b[39m","timestamp":"2025-09-16 22:31:05:315"}
{"level":"\u001b[32minfo\u001b[39m","message":"\u001b[32m📊 Health check: http://localhost:5000/health\u001b[39m","timestamp":"2025-09-16 22:31:05:315"}
{"level":"\u001b[32minfo\u001b[39m","message":"\u001b[32m🔧 Development mode: Enhanced logging enabled\u001b[39m","timestamp":"2025-09-16 22:31:05:315"}
{"level":"\u001b[32minfo\u001b[39m","message":"\u001b[32m✅ MongoDB Connected: ac-h36j9kv-shard-00-00.1w8obb7.mongodb.net\u001b[39m","timestamp":"2025-09-16 22:31:08:318"}
{"level":"\u001b[32minfo\u001b[39m","message":"\u001b[32m📊 Database: test\u001b[39m","timestamp":"2025-09-16 22:31:08:318"}
{"level":"\u001b[32minfo\u001b[39m","message":"\u001b[32m📊 Creating database indexes...\u001b[39m","timestamp":"2025-09-16 22:31:08:318"}
{"level":"\u001b[32minfo\u001b[39m","message":"\u001b[32m✅ Database indexes created successfully\u001b[39m","timestamp":"2025-09-16 22:31:10:3110"}
{"level":"\u001b[32minfo\u001b[39m","message":"\u001b[32m✅ Database initialization completed: Connection successful\u001b[39m","timestamp":"2025-09-16 22:31:10:3110"}
{"level":"\u001b[35mhttp\u001b[39m","message":"\u001b[35mGET /api/products - ::1\u001b[39m","timestamp":"2025-09-16 22:47:20:4720"}
{"level":"\u001b[31merror\u001b[39m","message":"\u001b[31m{\u001b[39m\n\u001b[31m  \"message\": \"Cannot read properties of undefined (reading 'accessToken')\",\u001b[39m\n\u001b[31m  \"timestamp\": \"2025-09-16T22:47:20.452Z\",\u001b[39m\n\u001b[31m  \"request\": {\u001b[39m\n\u001b[31m    \"method\": \"GET\",\u001b[39m\n\u001b[31m    \"url\": \"/api/products\",\u001b[39m\n\u001b[31m    \"headers\": {\u001b[39m\n\u001b[31m      \"host\": \"localhost:5000\",\u001b[39m\n\u001b[31m      \"connection\": \"keep-alive\",\u001b[39m\n\u001b[31m      \"sec-ch-ua-platform\": \"\\\"Windows\\\"\",\u001b[39m\n\u001b[31m      \"user-agent\": \"Mozilla/5.0 (Windows NT 10.0; Win64; x64) AppleWebKit/537.36 (KHTML, like Gecko) Chrome/140.0.0.0 Safari/537.36\",\u001b[39m\n\u001b[31m      \"sec-ch-ua\": \"\\\"Chromium\\\";v=\\\"140\\\", \\\"Not=A?Brand\\\";v=\\\"24\\\", \\\"Google Chrome\\\";v=\\\"140\\\"\",\u001b[39m\n\u001b[31m      \"content-type\": \"application/json\",\u001b[39m\n\u001b[31m      \"sec-ch-ua-mobile\": \"?0\",\u001b[39m\n\u001b[31m      \"accept\": \"*/*\",\u001b[39m\n\u001b[31m      \"origin\": \"http://localhost:5173\",\u001b[39m\n\u001b[31m      \"sec-fetch-site\": \"same-site\",\u001b[39m\n\u001b[31m      \"sec-fetch-mode\": \"cors\",\u001b[39m\n\u001b[31m      \"sec-fetch-dest\": \"empty\",\u001b[39m\n\u001b[31m      \"referer\": \"http://localhost:5173/\",\u001b[39m\n\u001b[31m      \"accept-encoding\": \"gzip, deflate, br, zstd\",\u001b[39m\n\u001b[31m      \"accept-language\": \"en-US,en;q=0.9\"\u001b[39m\n\u001b[31m    },\u001b[39m\n\u001b[31m    \"body\": {},\u001b[39m\n\u001b[31m    \"params\": {},\u001b[39m\n\u001b[31m    \"query\": {\u001b[39m\n\u001b[31m      \"page\": 1,\u001b[39m\n\u001b[31m      \"limit\": 12,\u001b[39m\n\u001b[31m      \"sortBy\": \"createdAt\",\u001b[39m\n\u001b[31m      \"sortOrder\": \"desc\",\u001b[39m\n\u001b[31m      \"status\": \"active\"\u001b[39m\n\u001b[31m    },\u001b[39m\n\u001b[31m    \"ip\": \"::1\",\u001b[39m\n\u001b[31m    \"userAgent\": \"Mozilla/5.0 (Windows NT 10.0; Win64; x64) AppleWebKit/537.36 (KHTML, like Gecko) Chrome/140.0.0.0 Safari/537.36\"\u001b[39m\n\u001b[31m  }\u001b[39m\n\u001b[31m}\u001b[39m","timestamp":"2025-09-16 22:47:20:4720"}
{"level":"\u001b[31merror\u001b[39m","message":"\u001b[31mGET /api/products 500 - 127ms - ::1\u001b[39m","timestamp":"2025-09-16 22:47:20:4720"}
{"level":"\u001b[35mhttp\u001b[39m","message":"\u001b[35m::1 - - [16/Sep/2025:22:47:20 +0000] \"GET /api/products HTTP/1.1\" 500 1554 \"http://localhost:5173/\" \"Mozilla/5.0 (Windows NT 10.0; Win64; x64) AppleWebKit/537.36 (KHTML, like Gecko) Chrome/140.0.0.0 Safari/537.36\"\u001b[39m","timestamp":"2025-09-16 22:47:20:4720"}
{"level":"\u001b[35mhttp\u001b[39m","message":"\u001b[35mGET /api/products - ::1\u001b[39m","timestamp":"2025-09-17 00:12:02:122"}
{"level":"\u001b[31merror\u001b[39m","message":"\u001b[31m{\u001b[39m\n\u001b[31m  \"message\": \"Cannot read properties of undefined (reading 'accessToken')\",\u001b[39m\n\u001b[31m  \"timestamp\": \"2025-09-17T00:12:02.609Z\",\u001b[39m\n\u001b[31m  \"request\": {\u001b[39m\n\u001b[31m    \"method\": \"GET\",\u001b[39m\n\u001b[31m    \"url\": \"/api/products\",\u001b[39m\n\u001b[31m    \"headers\": {\u001b[39m\n\u001b[31m      \"host\": \"localhost:5000\",\u001b[39m\n\u001b[31m      \"connection\": \"keep-alive\",\u001b[39m\n\u001b[31m      \"sec-ch-ua-platform\": \"\\\"Windows\\\"\",\u001b[39m\n\u001b[31m      \"user-agent\": \"Mozilla/5.0 (Windows NT 10.0; Win64; x64) AppleWebKit/537.36 (KHTML, like Gecko) Chrome/140.0.0.0 Safari/537.36\",\u001b[39m\n\u001b[31m      \"sec-ch-ua\": \"\\\"Chromium\\\";v=\\\"140\\\", \\\"Not=A?Brand\\\";v=\\\"24\\\", \\\"Google Chrome\\\";v=\\\"140\\\"\",\u001b[39m\n\u001b[31m      \"content-type\": \"application/json\",\u001b[39m\n\u001b[31m      \"sec-ch-ua-mobile\": \"?0\",\u001b[39m\n\u001b[31m      \"accept\": \"*/*\",\u001b[39m\n\u001b[31m      \"origin\": \"http://localhost:5173\",\u001b[39m\n\u001b[31m      \"sec-fetch-site\": \"same-site\",\u001b[39m\n\u001b[31m      \"sec-fetch-mode\": \"cors\",\u001b[39m\n\u001b[31m      \"sec-fetch-dest\": \"empty\",\u001b[39m\n\u001b[31m      \"referer\": \"http://localhost:5173/\",\u001b[39m\n\u001b[31m      \"accept-encoding\": \"gzip, deflate, br, zstd\",\u001b[39m\n\u001b[31m      \"accept-language\": \"en-US,en;q=0.9\"\u001b[39m\n\u001b[31m    },\u001b[39m\n\u001b[31m    \"body\": {},\u001b[39m\n\u001b[31m    \"params\": {},\u001b[39m\n\u001b[31m    \"query\": {\u001b[39m\n\u001b[31m      \"page\": 1,\u001b[39m\n\u001b[31m      \"limit\": 12,\u001b[39m\n\u001b[31m      \"sortBy\": \"createdAt\",\u001b[39m\n\u001b[31m      \"sortOrder\": \"desc\",\u001b[39m\n\u001b[31m      \"status\": \"active\"\u001b[39m\n\u001b[31m    },\u001b[39m\n\u001b[31m    \"ip\": \"::1\",\u001b[39m\n\u001b[31m    \"userAgent\": \"Mozilla/5.0 (Windows NT 10.0; Win64; x64) AppleWebKit/537.36 (KHTML, like Gecko) Chrome/140.0.0.0 Safari/537.36\"\u001b[39m\n\u001b[31m  }\u001b[39m\n\u001b[31m}\u001b[39m","timestamp":"2025-09-17 00:12:02:122"}
{"level":"\u001b[31merror\u001b[39m","message":"\u001b[31mGET /api/products 500 - 65ms - ::1\u001b[39m","timestamp":"2025-09-17 00:12:02:122"}
{"level":"\u001b[35mhttp\u001b[39m","message":"\u001b[35m::1 - - [17/Sep/2025:00:12:02 +0000] \"GET /api/products HTTP/1.1\" 500 1554 \"http://localhost:5173/\" \"Mozilla/5.0 (Windows NT 10.0; Win64; x64) AppleWebKit/537.36 (KHTML, like Gecko) Chrome/140.0.0.0 Safari/537.36\"\u001b[39m","timestamp":"2025-09-17 00:12:02:122"}
{"level":"\u001b[35mhttp\u001b[39m","message":"\u001b[35mGET /api/products - ::1\u001b[39m","timestamp":"2025-09-17 00:12:02:122"}
{"level":"\u001b[31merror\u001b[39m","message":"\u001b[31m{\u001b[39m\n\u001b[31m  \"message\": \"Cannot read properties of undefined (reading 'accessToken')\",\u001b[39m\n\u001b[31m  \"timestamp\": \"2025-09-17T00:12:02.640Z\",\u001b[39m\n\u001b[31m  \"request\": {\u001b[39m\n\u001b[31m    \"method\": \"GET\",\u001b[39m\n\u001b[31m    \"url\": \"/api/products\",\u001b[39m\n\u001b[31m    \"headers\": {\u001b[39m\n\u001b[31m      \"host\": \"localhost:5000\",\u001b[39m\n\u001b[31m      \"connection\": \"keep-alive\",\u001b[39m\n\u001b[31m      \"sec-ch-ua-platform\": \"\\\"Windows\\\"\",\u001b[39m\n\u001b[31m      \"user-agent\": \"Mozilla/5.0 (Windows NT 10.0; Win64; x64) AppleWebKit/537.36 (KHTML, like Gecko) Chrome/140.0.0.0 Safari/537.36\",\u001b[39m\n\u001b[31m      \"sec-ch-ua\": \"\\\"Chromium\\\";v=\\\"140\\\", \\\"Not=A?Brand\\\";v=\\\"24\\\", \\\"Google Chrome\\\";v=\\\"140\\\"\",\u001b[39m\n\u001b[31m      \"content-type\": \"application/json\",\u001b[39m\n\u001b[31m      \"sec-ch-ua-mobile\": \"?0\",\u001b[39m\n\u001b[31m      \"accept\": \"*/*\",\u001b[39m\n\u001b[31m      \"origin\": \"http://localhost:5173\",\u001b[39m\n\u001b[31m      \"sec-fetch-site\": \"same-site\",\u001b[39m\n\u001b[31m      \"sec-fetch-mode\": \"cors\",\u001b[39m\n\u001b[31m      \"sec-fetch-dest\": \"empty\",\u001b[39m\n\u001b[31m      \"referer\": \"http://localhost:5173/\",\u001b[39m\n\u001b[31m      \"accept-encoding\": \"gzip, deflate, br, zstd\",\u001b[39m\n\u001b[31m      \"accept-language\": \"en-US,en;q=0.9\"\u001b[39m\n\u001b[31m    },\u001b[39m\n\u001b[31m    \"body\": {},\u001b[39m\n\u001b[31m    \"params\": {},\u001b[39m\n\u001b[31m    \"query\": {\u001b[39m\n\u001b[31m      \"page\": 1,\u001b[39m\n\u001b[31m      \"limit\": 12,\u001b[39m\n\u001b[31m      \"sortBy\": \"createdAt\",\u001b[39m\n\u001b[31m      \"sortOrder\": \"desc\",\u001b[39m\n\u001b[31m      \"status\": \"active\"\u001b[39m\n\u001b[31m    },\u001b[39m\n\u001b[31m    \"ip\": \"::1\",\u001b[39m\n\u001b[31m    \"userAgent\": \"Mozilla/5.0 (Windows NT 10.0; Win64; x64) AppleWebKit/537.36 (KHTML, like Gecko) Chrome/140.0.0.0 Safari/537.36\"\u001b[39m\n\u001b[31m  }\u001b[39m\n\u001b[31m}\u001b[39m","timestamp":"2025-09-17 00:12:02:122"}
{"level":"\u001b[31merror\u001b[39m","message":"\u001b[31mGET /api/products 500 - 12ms - ::1\u001b[39m","timestamp":"2025-09-17 00:12:02:122"}
{"level":"\u001b[35mhttp\u001b[39m","message":"\u001b[35m::1 - - [17/Sep/2025:00:12:02 +0000] \"GET /api/products HTTP/1.1\" 500 1554 \"http://localhost:5173/\" \"Mozilla/5.0 (Windows NT 10.0; Win64; x64) AppleWebKit/537.36 (KHTML, like Gecko) Chrome/140.0.0.0 Safari/537.36\"\u001b[39m","timestamp":"2025-09-17 00:12:02:122"}
{"level":"\u001b[32minfo\u001b[39m","message":"\u001b[32m🚀 Server running on port 5000\u001b[39m","timestamp":"2025-09-17 14:36:59:3659"}
{"level":"\u001b[32minfo\u001b[39m","message":"\u001b[32m📍 API available at http://localhost:5000/api\u001b[39m","timestamp":"2025-09-17 14:36:59:3659"}
{"level":"\u001b[32minfo\u001b[39m","message":"\u001b[32m💻 Environment: development\u001b[39m","timestamp":"2025-09-17 14:36:59:3659"}
{"level":"\u001b[32minfo\u001b[39m","message":"\u001b[32m📊 Health check: http://localhost:5000/health\u001b[39m","timestamp":"2025-09-17 14:36:59:3659"}
{"level":"\u001b[32minfo\u001b[39m","message":"\u001b[32m🔧 Development mode: Enhanced logging enabled\u001b[39m","timestamp":"2025-09-17 14:36:59:3659"}
{"level":"\u001b[32minfo\u001b[39m","message":"\u001b[32m✅ MongoDB Connected: ac-h36j9kv-shard-00-00.1w8obb7.mongodb.net\u001b[39m","timestamp":"2025-09-17 14:37:02:372"}
{"level":"\u001b[32minfo\u001b[39m","message":"\u001b[32m📊 Database: test\u001b[39m","timestamp":"2025-09-17 14:37:02:372"}
{"level":"\u001b[32minfo\u001b[39m","message":"\u001b[32m📊 Creating database indexes...\u001b[39m","timestamp":"2025-09-17 14:37:02:372"}
{"level":"\u001b[32minfo\u001b[39m","message":"\u001b[32m✅ Database indexes created successfully\u001b[39m","timestamp":"2025-09-17 14:37:04:374"}
{"level":"\u001b[32minfo\u001b[39m","message":"\u001b[32m✅ Database initialization completed: Connection successful\u001b[39m","timestamp":"2025-09-17 14:37:04:374"}
{"level":"\u001b[35mhttp\u001b[39m","message":"\u001b[35mGET /api/products - ::1\u001b[39m","timestamp":"2025-09-17 14:42:09:429"}
{"level":"\u001b[31merror\u001b[39m","message":"\u001b[31m{\u001b[39m\n\u001b[31m  \"message\": \"Cannot read properties of undefined (reading 'accessToken')\",\u001b[39m\n\u001b[31m  \"timestamp\": \"2025-09-17T14:42:09.641Z\",\u001b[39m\n\u001b[31m  \"request\": {\u001b[39m\n\u001b[31m    \"method\": \"GET\",\u001b[39m\n\u001b[31m    \"url\": \"/api/products\",\u001b[39m\n\u001b[31m    \"headers\": {\u001b[39m\n\u001b[31m      \"host\": \"localhost:5000\",\u001b[39m\n\u001b[31m      \"connection\": \"keep-alive\",\u001b[39m\n\u001b[31m      \"sec-ch-ua-platform\": \"\\\"Windows\\\"\",\u001b[39m\n\u001b[31m      \"user-agent\": \"Mozilla/5.0 (Windows NT 10.0; Win64; x64) AppleWebKit/537.36 (KHTML, like Gecko) Chrome/140.0.0.0 Safari/537.36\",\u001b[39m\n\u001b[31m      \"sec-ch-ua\": \"\\\"Chromium\\\";v=\\\"140\\\", \\\"Not=A?Brand\\\";v=\\\"24\\\", \\\"Google Chrome\\\";v=\\\"140\\\"\",\u001b[39m\n\u001b[31m      \"content-type\": \"application/json\",\u001b[39m\n\u001b[31m      \"sec-ch-ua-mobile\": \"?0\",\u001b[39m\n\u001b[31m      \"accept\": \"*/*\",\u001b[39m\n\u001b[31m      \"origin\": \"http://localhost:5173\",\u001b[39m\n\u001b[31m      \"sec-fetch-site\": \"same-site\",\u001b[39m\n\u001b[31m      \"sec-fetch-mode\": \"cors\",\u001b[39m\n\u001b[31m      \"sec-fetch-dest\": \"empty\",\u001b[39m\n\u001b[31m      \"referer\": \"http://localhost:5173/\",\u001b[39m\n\u001b[31m      \"accept-encoding\": \"gzip, deflate, br, zstd\",\u001b[39m\n\u001b[31m      \"accept-language\": \"en-US,en;q=0.9\"\u001b[39m\n\u001b[31m    },\u001b[39m\n\u001b[31m    \"body\": {},\u001b[39m\n\u001b[31m    \"params\": {},\u001b[39m\n\u001b[31m    \"query\": {\u001b[39m\n\u001b[31m      \"page\": 1,\u001b[39m\n\u001b[31m      \"limit\": 12,\u001b[39m\n\u001b[31m      \"sortBy\": \"createdAt\",\u001b[39m\n\u001b[31m      \"sortOrder\": \"desc\",\u001b[39m\n\u001b[31m      \"status\": \"active\"\u001b[39m\n\u001b[31m    },\u001b[39m\n\u001b[31m    \"ip\": \"::1\",\u001b[39m\n\u001b[31m    \"userAgent\": \"Mozilla/5.0 (Windows NT 10.0; Win64; x64) AppleWebKit/537.36 (KHTML, like Gecko) Chrome/140.0.0.0 Safari/537.36\"\u001b[39m\n\u001b[31m  }\u001b[39m\n\u001b[31m}\u001b[39m","timestamp":"2025-09-17 14:42:09:429"}
{"level":"\u001b[31merror\u001b[39m","message":"\u001b[31mGET /api/products 500 - 27ms - ::1\u001b[39m","timestamp":"2025-09-17 14:42:09:429"}
{"level":"\u001b[35mhttp\u001b[39m","message":"\u001b[35m::1 - - [17/Sep/2025:14:42:09 +0000] \"GET /api/products HTTP/1.1\" 500 1554 \"http://localhost:5173/\" \"Mozilla/5.0 (Windows NT 10.0; Win64; x64) AppleWebKit/537.36 (KHTML, like Gecko) Chrome/140.0.0.0 Safari/537.36\"\u001b[39m","timestamp":"2025-09-17 14:42:09:429"}
{"level":"\u001b[35mhttp\u001b[39m","message":"\u001b[35mGET /api/products - ::1\u001b[39m","timestamp":"2025-09-17 14:42:09:429"}
{"level":"\u001b[31merror\u001b[39m","message":"\u001b[31m{\u001b[39m\n\u001b[31m  \"message\": \"Cannot read properties of undefined (reading 'accessToken')\",\u001b[39m\n\u001b[31m  \"timestamp\": \"2025-09-17T14:42:09.669Z\",\u001b[39m\n\u001b[31m  \"request\": {\u001b[39m\n\u001b[31m    \"method\": \"GET\",\u001b[39m\n\u001b[31m    \"url\": \"/api/products\",\u001b[39m\n\u001b[31m    \"headers\": {\u001b[39m\n\u001b[31m      \"host\": \"localhost:5000\",\u001b[39m\n\u001b[31m      \"connection\": \"keep-alive\",\u001b[39m\n\u001b[31m      \"sec-ch-ua-platform\": \"\\\"Windows\\\"\",\u001b[39m\n\u001b[31m      \"user-agent\": \"Mozilla/5.0 (Windows NT 10.0; Win64; x64) AppleWebKit/537.36 (KHTML, like Gecko) Chrome/140.0.0.0 Safari/537.36\",\u001b[39m\n\u001b[31m      \"sec-ch-ua\": \"\\\"Chromium\\\";v=\\\"140\\\", \\\"Not=A?Brand\\\";v=\\\"24\\\", \\\"Google Chrome\\\";v=\\\"140\\\"\",\u001b[39m\n\u001b[31m      \"content-type\": \"application/json\",\u001b[39m\n\u001b[31m      \"sec-ch-ua-mobile\": \"?0\",\u001b[39m\n\u001b[31m      \"accept\": \"*/*\",\u001b[39m\n\u001b[31m      \"origin\": \"http://localhost:5173\",\u001b[39m\n\u001b[31m      \"sec-fetch-site\": \"same-site\",\u001b[39m\n\u001b[31m      \"sec-fetch-mode\": \"cors\",\u001b[39m\n\u001b[31m      \"sec-fetch-dest\": \"empty\",\u001b[39m\n\u001b[31m      \"referer\": \"http://localhost:5173/\",\u001b[39m\n\u001b[31m      \"accept-encoding\": \"gzip, deflate, br, zstd\",\u001b[39m\n\u001b[31m      \"accept-language\": \"en-US,en;q=0.9\"\u001b[39m\n\u001b[31m    },\u001b[39m\n\u001b[31m    \"body\": {},\u001b[39m\n\u001b[31m    \"params\": {},\u001b[39m\n\u001b[31m    \"query\": {\u001b[39m\n\u001b[31m      \"page\": 1,\u001b[39m\n\u001b[31m      \"limit\": 12,\u001b[39m\n\u001b[31m      \"sortBy\": \"createdAt\",\u001b[39m\n\u001b[31m      \"sortOrder\": \"desc\",\u001b[39m\n\u001b[31m      \"status\": \"active\"\u001b[39m\n\u001b[31m    },\u001b[39m\n\u001b[31m    \"ip\": \"::1\",\u001b[39m\n\u001b[31m    \"userAgent\": \"Mozilla/5.0 (Windows NT 10.0; Win64; x64) AppleWebKit/537.36 (KHTML, like Gecko) Chrome/140.0.0.0 Safari/537.36\"\u001b[39m\n\u001b[31m  }\u001b[39m\n\u001b[31m}\u001b[39m","timestamp":"2025-09-17 14:42:09:429"}
{"level":"\u001b[31merror\u001b[39m","message":"\u001b[31mGET /api/products 500 - 8ms - ::1\u001b[39m","timestamp":"2025-09-17 14:42:09:429"}
{"level":"\u001b[35mhttp\u001b[39m","message":"\u001b[35m::1 - - [17/Sep/2025:14:42:09 +0000] \"GET /api/products HTTP/1.1\" 500 1554 \"http://localhost:5173/\" \"Mozilla/5.0 (Windows NT 10.0; Win64; x64) AppleWebKit/537.36 (KHTML, like Gecko) Chrome/140.0.0.0 Safari/537.36\"\u001b[39m","timestamp":"2025-09-17 14:42:09:429"}
{"level":"\u001b[32minfo\u001b[39m","message":"\u001b[32m🚀 Server running on port 5000\u001b[39m","timestamp":"2025-09-18 22:31:44:3144"}
{"level":"\u001b[32minfo\u001b[39m","message":"\u001b[32m📍 API available at http://localhost:5000/api\u001b[39m","timestamp":"2025-09-18 22:31:44:3144"}
{"level":"\u001b[32minfo\u001b[39m","message":"\u001b[32m💻 Environment: development\u001b[39m","timestamp":"2025-09-18 22:31:44:3144"}
{"level":"\u001b[32minfo\u001b[39m","message":"\u001b[32m📊 Health check: http://localhost:5000/health\u001b[39m","timestamp":"2025-09-18 22:31:44:3144"}
{"level":"\u001b[32minfo\u001b[39m","message":"\u001b[32m🔧 Development mode: Enhanced logging enabled\u001b[39m","timestamp":"2025-09-18 22:31:44:3144"}
{"level":"\u001b[32minfo\u001b[39m","message":"\u001b[32m✅ MongoDB Connected: ac-h36j9kv-shard-00-00.1w8obb7.mongodb.net\u001b[39m","timestamp":"2025-09-18 22:31:47:3147"}
{"level":"\u001b[32minfo\u001b[39m","message":"\u001b[32m📊 Database: test\u001b[39m","timestamp":"2025-09-18 22:31:47:3147"}
{"level":"\u001b[32minfo\u001b[39m","message":"\u001b[32m📊 Creating database indexes...\u001b[39m","timestamp":"2025-09-18 22:31:47:3147"}
{"level":"\u001b[32minfo\u001b[39m","message":"\u001b[32m✅ Database indexes created successfully\u001b[39m","timestamp":"2025-09-18 22:31:49:3149"}
{"level":"\u001b[32minfo\u001b[39m","message":"\u001b[32m✅ Database initialization completed\u001b[39m","timestamp":"2025-09-18 22:31:49:3149"}
{"level":"\u001b[35mhttp\u001b[39m","message":"\u001b[35mGET /api/auth/me - ::1\u001b[39m","timestamp":"2025-09-18 22:37:11:3711"}
{"level":"\u001b[31merror\u001b[39m","message":"\u001b[31m{\u001b[39m\n\u001b[31m  \"message\": \"Access token is required. Please login.\",\u001b[39m\n\u001b[31m  \"statusCode\": 401,\u001b[39m\n\u001b[31m  \"timestamp\": \"2025-09-18T22:37:11.149Z\",\u001b[39m\n\u001b[31m  \"request\": {\u001b[39m\n\u001b[31m    \"method\": \"GET\",\u001b[39m\n\u001b[31m    \"url\": \"/api/auth/me\",\u001b[39m\n\u001b[31m    \"headers\": {\u001b[39m\n\u001b[31m      \"host\": \"localhost:5000\",\u001b[39m\n\u001b[31m      \"connection\": \"keep-alive\",\u001b[39m\n\u001b[31m      \"sec-ch-ua-platform\": \"\\\"Windows\\\"\",\u001b[39m\n\u001b[31m      \"user-agent\": \"Mozilla/5.0 (Windows NT 10.0; Win64; x64) AppleWebKit/537.36 (KHTML, like Gecko) Chrome/140.0.0.0 Safari/537.36\",\u001b[39m\n\u001b[31m      \"sec-ch-ua\": \"\\\"Chromium\\\";v=\\\"140\\\", \\\"Not=A?Brand\\\";v=\\\"24\\\", \\\"Google Chrome\\\";v=\\\"140\\\"\",\u001b[39m\n\u001b[31m      \"content-type\": \"application/json\",\u001b[39m\n\u001b[31m      \"sec-ch-ua-mobile\": \"?0\",\u001b[39m\n\u001b[31m      \"accept\": \"*/*\",\u001b[39m\n\u001b[31m      \"origin\": \"http://localhost:5173\",\u001b[39m\n\u001b[31m      \"sec-fetch-site\": \"same-site\",\u001b[39m\n\u001b[31m      \"sec-fetch-mode\": \"cors\",\u001b[39m\n\u001b[31m      \"sec-fetch-dest\": \"empty\",\u001b[39m\n\u001b[31m      \"referer\": \"http://localhost:5173/\",\u001b[39m\n\u001b[31m      \"accept-encoding\": \"gzip, deflate, br, zstd\",\u001b[39m\n\u001b[31m      \"accept-language\": \"en-US,en;q=0.9\",\u001b[39m\n\u001b[31m      \"cookie\": \"jwt=eyJhbGciOiJIUzI1NiIsInR5cCI6IkpXVCJ9.eyJfaWQiOiI2OGNiNjQ1OWVkZDFkMDhiYTk2MDZlNzAiLCJyb2xlIjoidXNlciIsImlhdCI6MTc1ODE1OTk2MSwiZXhwIjoxNzU4NzY0NzYxfQ.fPXReF23JZzwqxKzxn-rpOVJMHmGGRJowMVjQYrRPlQ\"\u001b[39m\n\u001b[31m    },\u001b[39m\n\u001b[31m    \"body\": {},\u001b[39m\n\u001b[31m    \"params\": {},\u001b[39m\n\u001b[31m    \"query\": {},\u001b[39m\n\u001b[31m    \"ip\": \"::1\",\u001b[39m\n\u001b[31m    \"userAgent\": \"Mozilla/5.0 (Windows NT 10.0; Win64; x64) AppleWebKit/537.36 (KHTML, like Gecko) Chrome/140.0.0.0 Safari/537.36\"\u001b[39m\n\u001b[31m  }\u001b[39m\n\u001b[31m}\u001b[39m","timestamp":"2025-09-18 22:37:11:3711"}
{"level":"\u001b[31merror\u001b[39m","message":"\u001b[31mGET /api/auth/me 401 - 6ms - ::1\u001b[39m","timestamp":"2025-09-18 22:37:11:3711"}
{"level":"\u001b[35mhttp\u001b[39m","message":"\u001b[35m::1 - - [18/Sep/2025:22:37:11 +0000] \"GET /api/auth/me HTTP/1.1\" 401 1533 \"http://localhost:5173/\" \"Mozilla/5.0 (Windows NT 10.0; Win64; x64) AppleWebKit/537.36 (KHTML, like Gecko) Chrome/140.0.0.0 Safari/537.36\"\u001b[39m","timestamp":"2025-09-18 22:37:11:3711"}
{"level":"\u001b[35mhttp\u001b[39m","message":"\u001b[35mGET /api/auth/me - ::1\u001b[39m","timestamp":"2025-09-18 22:37:11:3711"}
{"level":"\u001b[31merror\u001b[39m","message":"\u001b[31m{\u001b[39m\n\u001b[31m  \"message\": \"Access token is required. Please login.\",\u001b[39m\n\u001b[31m  \"statusCode\": 401,\u001b[39m\n\u001b[31m  \"timestamp\": \"2025-09-18T22:37:11.230Z\",\u001b[39m\n\u001b[31m  \"request\": {\u001b[39m\n\u001b[31m    \"method\": \"GET\",\u001b[39m\n\u001b[31m    \"url\": \"/api/auth/me\",\u001b[39m\n\u001b[31m    \"headers\": {\u001b[39m\n\u001b[31m      \"host\": \"localhost:5000\",\u001b[39m\n\u001b[31m      \"connection\": \"keep-alive\",\u001b[39m\n\u001b[31m      \"sec-ch-ua-platform\": \"\\\"Windows\\\"\",\u001b[39m\n\u001b[31m      \"user-agent\": \"Mozilla/5.0 (Windows NT 10.0; Win64; x64) AppleWebKit/537.36 (KHTML, like Gecko) Chrome/140.0.0.0 Safari/537.36\",\u001b[39m\n\u001b[31m      \"sec-ch-ua\": \"\\\"Chromium\\\";v=\\\"140\\\", \\\"Not=A?Brand\\\";v=\\\"24\\\", \\\"Google Chrome\\\";v=\\\"140\\\"\",\u001b[39m\n\u001b[31m      \"content-type\": \"application/json\",\u001b[39m\n\u001b[31m      \"sec-ch-ua-mobile\": \"?0\",\u001b[39m\n\u001b[31m      \"accept\": \"*/*\",\u001b[39m\n\u001b[31m      \"origin\": \"http://localhost:5173\",\u001b[39m\n\u001b[31m      \"sec-fetch-site\": \"same-site\",\u001b[39m\n\u001b[31m      \"sec-fetch-mode\": \"cors\",\u001b[39m\n\u001b[31m      \"sec-fetch-dest\": \"empty\",\u001b[39m\n\u001b[31m      \"referer\": \"http://localhost:5173/\",\u001b[39m\n\u001b[31m      \"accept-encoding\": \"gzip, deflate, br, zstd\",\u001b[39m\n\u001b[31m      \"accept-language\": \"en-US,en;q=0.9\",\u001b[39m\n\u001b[31m      \"cookie\": \"jwt=eyJhbGciOiJIUzI1NiIsInR5cCI6IkpXVCJ9.eyJfaWQiOiI2OGNiNjQ1OWVkZDFkMDhiYTk2MDZlNzAiLCJyb2xlIjoidXNlciIsImlhdCI6MTc1ODE1OTk2MSwiZXhwIjoxNzU4NzY0NzYxfQ.fPXReF23JZzwqxKzxn-rpOVJMHmGGRJowMVjQYrRPlQ\"\u001b[39m\n\u001b[31m    },\u001b[39m\n\u001b[31m    \"body\": {},\u001b[39m\n\u001b[31m    \"params\": {},\u001b[39m\n\u001b[31m    \"query\": {},\u001b[39m\n\u001b[31m    \"ip\": \"::1\",\u001b[39m\n\u001b[31m    \"userAgent\": \"Mozilla/5.0 (Windows NT 10.0; Win64; x64) AppleWebKit/537.36 (KHTML, like Gecko) Chrome/140.0.0.0 Safari/537.36\"\u001b[39m\n\u001b[31m  }\u001b[39m\n\u001b[31m}\u001b[39m","timestamp":"2025-09-18 22:37:11:3711"}
{"level":"\u001b[31merror\u001b[39m","message":"\u001b[31mGET /api/auth/me 401 - 18ms - ::1\u001b[39m","timestamp":"2025-09-18 22:37:11:3711"}
{"level":"\u001b[35mhttp\u001b[39m","message":"\u001b[35m::1 - - [18/Sep/2025:22:37:11 +0000] \"GET /api/auth/me HTTP/1.1\" 401 1533 \"http://localhost:5173/\" \"Mozilla/5.0 (Windows NT 10.0; Win64; x64) AppleWebKit/537.36 (KHTML, like Gecko) Chrome/140.0.0.0 Safari/537.36\"\u001b[39m","timestamp":"2025-09-18 22:37:11:3711"}
{"level":"\u001b[35mhttp\u001b[39m","message":"\u001b[35mGET /api/products - ::1\u001b[39m","timestamp":"2025-09-18 22:37:11:3711"}
{"level":"\u001b[37mdebug\u001b[39m","message":"\u001b[37mPERFORMANCE: {\"operation\":\"getAllProducts\",\"duration\":\"323ms\",\"timestamp\":\"2025-09-18T22:37:11.770Z\",\"resultsCount\":0,\"filters\":{}}\u001b[39m","timestamp":"2025-09-18 22:37:11:3711"}
{"level":"\u001b[35mhttp\u001b[39m","message":"\u001b[35mGET /api/products 200 - 329ms - ::1\u001b[39m","timestamp":"2025-09-18 22:37:11:3711"}
{"level":"\u001b[35mhttp\u001b[39m","message":"\u001b[35m::1 - - [18/Sep/2025:22:37:11 +0000] \"GET /api/products HTTP/1.1\" 200 171 \"http://localhost:5173/\" \"Mozilla/5.0 (Windows NT 10.0; Win64; x64) AppleWebKit/537.36 (KHTML, like Gecko) Chrome/140.0.0.0 Safari/537.36\"\u001b[39m","timestamp":"2025-09-18 22:37:11:3711"}
{"level":"\u001b[35mhttp\u001b[39m","message":"\u001b[35mGET /api/products - ::1\u001b[39m","timestamp":"2025-09-18 22:37:11:3711"}
{"level":"\u001b[37mdebug\u001b[39m","message":"\u001b[37mPERFORMANCE: {\"operation\":\"getAllProducts\",\"duration\":\"458ms\",\"timestamp\":\"2025-09-18T22:37:12.243Z\",\"resultsCount\":0,\"filters\":{}}\u001b[39m","timestamp":"2025-09-18 22:37:12:3712"}
{"level":"\u001b[35mhttp\u001b[39m","message":"\u001b[35mGET /api/products 200 - 460ms - ::1\u001b[39m","timestamp":"2025-09-18 22:37:12:3712"}
{"level":"\u001b[35mhttp\u001b[39m","message":"\u001b[35m::1 - - [18/Sep/2025:22:37:12 +0000] \"GET /api/products HTTP/1.1\" 304 - \"http://localhost:5173/\" \"Mozilla/5.0 (Windows NT 10.0; Win64; x64) AppleWebKit/537.36 (KHTML, like Gecko) Chrome/140.0.0.0 Safari/537.36\"\u001b[39m","timestamp":"2025-09-18 22:37:12:3712"}
{"level":"\u001b[35mhttp\u001b[39m","message":"\u001b[35mGET /api/auth/me - ::1\u001b[39m","timestamp":"2025-09-18 22:38:54:3854"}
{"level":"\u001b[31merror\u001b[39m","message":"\u001b[31m{\u001b[39m\n\u001b[31m  \"message\": \"Access token is required. Please login.\",\u001b[39m\n\u001b[31m  \"statusCode\": 401,\u001b[39m\n\u001b[31m  \"timestamp\": \"2025-09-18T22:38:54.744Z\",\u001b[39m\n\u001b[31m  \"request\": {\u001b[39m\n\u001b[31m    \"method\": \"GET\",\u001b[39m\n\u001b[31m    \"url\": \"/api/auth/me\",\u001b[39m\n\u001b[31m    \"headers\": {\u001b[39m\n\u001b[31m      \"host\": \"localhost:5000\",\u001b[39m\n\u001b[31m      \"connection\": \"keep-alive\",\u001b[39m\n\u001b[31m      \"sec-ch-ua-platform\": \"\\\"Windows\\\"\",\u001b[39m\n\u001b[31m      \"user-agent\": \"Mozilla/5.0 (Windows NT 10.0; Win64; x64) AppleWebKit/537.36 (KHTML, like Gecko) Chrome/140.0.0.0 Safari/537.36\",\u001b[39m\n\u001b[31m      \"sec-ch-ua\": \"\\\"Chromium\\\";v=\\\"140\\\", \\\"Not=A?Brand\\\";v=\\\"24\\\", \\\"Google Chrome\\\";v=\\\"140\\\"\",\u001b[39m\n\u001b[31m      \"content-type\": \"application/json\",\u001b[39m\n\u001b[31m      \"sec-ch-ua-mobile\": \"?0\",\u001b[39m\n\u001b[31m      \"accept\": \"*/*\",\u001b[39m\n\u001b[31m      \"origin\": \"http://localhost:5173\",\u001b[39m\n\u001b[31m      \"sec-fetch-site\": \"same-site\",\u001b[39m\n\u001b[31m      \"sec-fetch-mode\": \"cors\",\u001b[39m\n\u001b[31m      \"sec-fetch-dest\": \"empty\",\u001b[39m\n\u001b[31m      \"referer\": \"http://localhost:5173/\",\u001b[39m\n\u001b[31m      \"accept-encoding\": \"gzip, deflate, br, zstd\",\u001b[39m\n\u001b[31m      \"accept-language\": \"en-US,en;q=0.9\",\u001b[39m\n\u001b[31m      \"cookie\": \"jwt=eyJhbGciOiJIUzI1NiIsInR5cCI6IkpXVCJ9.eyJfaWQiOiI2OGNiNjQ1OWVkZDFkMDhiYTk2MDZlNzAiLCJyb2xlIjoidXNlciIsImlhdCI6MTc1ODE1OTk2MSwiZXhwIjoxNzU4NzY0NzYxfQ.fPXReF23JZzwqxKzxn-rpOVJMHmGGRJowMVjQYrRPlQ\"\u001b[39m\n\u001b[31m    },\u001b[39m\n\u001b[31m    \"body\": {},\u001b[39m\n\u001b[31m    \"params\": {},\u001b[39m\n\u001b[31m    \"query\": {},\u001b[39m\n\u001b[31m    \"ip\": \"::1\",\u001b[39m\n\u001b[31m    \"userAgent\": \"Mozilla/5.0 (Windows NT 10.0; Win64; x64) AppleWebKit/537.36 (KHTML, like Gecko) Chrome/140.0.0.0 Safari/537.36\"\u001b[39m\n\u001b[31m  }\u001b[39m\n\u001b[31m}\u001b[39m","timestamp":"2025-09-18 22:38:54:3854"}
{"level":"\u001b[31merror\u001b[39m","message":"\u001b[31mGET /api/auth/me 401 - 6ms - ::1\u001b[39m","timestamp":"2025-09-18 22:38:54:3854"}
{"level":"\u001b[35mhttp\u001b[39m","message":"\u001b[35m::1 - - [18/Sep/2025:22:38:54 +0000] \"GET /api/auth/me HTTP/1.1\" 401 1533 \"http://localhost:5173/\" \"Mozilla/5.0 (Windows NT 10.0; Win64; x64) AppleWebKit/537.36 (KHTML, like Gecko) Chrome/140.0.0.0 Safari/537.36\"\u001b[39m","timestamp":"2025-09-18 22:38:54:3854"}
{"level":"\u001b[35mhttp\u001b[39m","message":"\u001b[35mGET /api/auth/me - ::1\u001b[39m","timestamp":"2025-09-18 22:38:54:3854"}
{"level":"\u001b[31merror\u001b[39m","message":"\u001b[31m{\u001b[39m\n\u001b[31m  \"message\": \"Access token is required. Please login.\",\u001b[39m\n\u001b[31m  \"statusCode\": 401,\u001b[39m\n\u001b[31m  \"timestamp\": \"2025-09-18T22:38:54.766Z\",\u001b[39m\n\u001b[31m  \"request\": {\u001b[39m\n\u001b[31m    \"method\": \"GET\",\u001b[39m\n\u001b[31m    \"url\": \"/api/auth/me\",\u001b[39m\n\u001b[31m    \"headers\": {\u001b[39m\n\u001b[31m      \"host\": \"localhost:5000\",\u001b[39m\n\u001b[31m      \"connection\": \"keep-alive\",\u001b[39m\n\u001b[31m      \"sec-ch-ua-platform\": \"\\\"Windows\\\"\",\u001b[39m\n\u001b[31m      \"user-agent\": \"Mozilla/5.0 (Windows NT 10.0; Win64; x64) AppleWebKit/537.36 (KHTML, like Gecko) Chrome/140.0.0.0 Safari/537.36\",\u001b[39m\n\u001b[31m      \"sec-ch-ua\": \"\\\"Chromium\\\";v=\\\"140\\\", \\\"Not=A?Brand\\\";v=\\\"24\\\", \\\"Google Chrome\\\";v=\\\"140\\\"\",\u001b[39m\n\u001b[31m      \"content-type\": \"application/json\",\u001b[39m\n\u001b[31m      \"sec-ch-ua-mobile\": \"?0\",\u001b[39m\n\u001b[31m      \"accept\": \"*/*\",\u001b[39m\n\u001b[31m      \"origin\": \"http://localhost:5173\",\u001b[39m\n\u001b[31m      \"sec-fetch-site\": \"same-site\",\u001b[39m\n\u001b[31m      \"sec-fetch-mode\": \"cors\",\u001b[39m\n\u001b[31m      \"sec-fetch-dest\": \"empty\",\u001b[39m\n\u001b[31m      \"referer\": \"http://localhost:5173/\",\u001b[39m\n\u001b[31m      \"accept-encoding\": \"gzip, deflate, br, zstd\",\u001b[39m\n\u001b[31m      \"accept-language\": \"en-US,en;q=0.9\",\u001b[39m\n\u001b[31m      \"cookie\": \"jwt=eyJhbGciOiJIUzI1NiIsInR5cCI6IkpXVCJ9.eyJfaWQiOiI2OGNiNjQ1OWVkZDFkMDhiYTk2MDZlNzAiLCJyb2xlIjoidXNlciIsImlhdCI6MTc1ODE1OTk2MSwiZXhwIjoxNzU4NzY0NzYxfQ.fPXReF23JZzwqxKzxn-rpOVJMHmGGRJowMVjQYrRPlQ\"\u001b[39m\n\u001b[31m    },\u001b[39m\n\u001b[31m    \"body\": {},\u001b[39m\n\u001b[31m    \"params\": {},\u001b[39m\n\u001b[31m    \"query\": {},\u001b[39m\n\u001b[31m    \"ip\": \"::1\",\u001b[39m\n\u001b[31m    \"userAgent\": \"Mozilla/5.0 (Windows NT 10.0; Win64; x64) AppleWebKit/537.36 (KHTML, like Gecko) Chrome/140.0.0.0 Safari/537.36\"\u001b[39m\n\u001b[31m  }\u001b[39m\n\u001b[31m}\u001b[39m","timestamp":"2025-09-18 22:38:54:3854"}
{"level":"\u001b[31merror\u001b[39m","message":"\u001b[31mGET /api/auth/me 401 - 9ms - ::1\u001b[39m","timestamp":"2025-09-18 22:38:54:3854"}
{"level":"\u001b[35mhttp\u001b[39m","message":"\u001b[35m::1 - - [18/Sep/2025:22:38:54 +0000] \"GET /api/auth/me HTTP/1.1\" 401 1533 \"http://localhost:5173/\" \"Mozilla/5.0 (Windows NT 10.0; Win64; x64) AppleWebKit/537.36 (KHTML, like Gecko) Chrome/140.0.0.0 Safari/537.36\"\u001b[39m","timestamp":"2025-09-18 22:38:54:3854"}
{"level":"\u001b[35mhttp\u001b[39m","message":"\u001b[35mGET /api/auth/me - ::1\u001b[39m","timestamp":"2025-09-18 22:39:26:3926"}
{"level":"\u001b[31merror\u001b[39m","message":"\u001b[31m{\u001b[39m\n\u001b[31m  \"message\": \"Access token is required. Please login.\",\u001b[39m\n\u001b[31m  \"statusCode\": 401,\u001b[39m\n\u001b[31m  \"timestamp\": \"2025-09-18T22:39:26.585Z\",\u001b[39m\n\u001b[31m  \"request\": {\u001b[39m\n\u001b[31m    \"method\": \"GET\",\u001b[39m\n\u001b[31m    \"url\": \"/api/auth/me\",\u001b[39m\n\u001b[31m    \"headers\": {\u001b[39m\n\u001b[31m      \"host\": \"localhost:5000\",\u001b[39m\n\u001b[31m      \"connection\": \"keep-alive\",\u001b[39m\n\u001b[31m      \"sec-ch-ua-platform\": \"\\\"Windows\\\"\",\u001b[39m\n\u001b[31m      \"user-agent\": \"Mozilla/5.0 (Windows NT 10.0; Win64; x64) AppleWebKit/537.36 (KHTML, like Gecko) Chrome/140.0.0.0 Safari/537.36\",\u001b[39m\n\u001b[31m      \"sec-ch-ua\": \"\\\"Chromium\\\";v=\\\"140\\\", \\\"Not=A?Brand\\\";v=\\\"24\\\", \\\"Google Chrome\\\";v=\\\"140\\\"\",\u001b[39m\n\u001b[31m      \"content-type\": \"application/json\",\u001b[39m\n\u001b[31m      \"sec-ch-ua-mobile\": \"?0\",\u001b[39m\n\u001b[31m      \"accept\": \"*/*\",\u001b[39m\n\u001b[31m      \"origin\": \"http://localhost:5173\",\u001b[39m\n\u001b[31m      \"sec-fetch-site\": \"same-site\",\u001b[39m\n\u001b[31m      \"sec-fetch-mode\": \"cors\",\u001b[39m\n\u001b[31m      \"sec-fetch-dest\": \"empty\",\u001b[39m\n\u001b[31m      \"referer\": \"http://localhost:5173/\",\u001b[39m\n\u001b[31m      \"accept-encoding\": \"gzip, deflate, br, zstd\",\u001b[39m\n\u001b[31m      \"accept-language\": \"en-US,en;q=0.9\",\u001b[39m\n\u001b[31m      \"cookie\": \"jwt=eyJhbGciOiJIUzI1NiIsInR5cCI6IkpXVCJ9.eyJfaWQiOiI2OGNiNjQ1OWVkZDFkMDhiYTk2MDZlNzAiLCJyb2xlIjoidXNlciIsImlhdCI6MTc1ODE1OTk2MSwiZXhwIjoxNzU4NzY0NzYxfQ.fPXReF23JZzwqxKzxn-rpOVJMHmGGRJowMVjQYrRPlQ\"\u001b[39m\n\u001b[31m    },\u001b[39m\n\u001b[31m    \"body\": {},\u001b[39m\n\u001b[31m    \"params\": {},\u001b[39m\n\u001b[31m    \"query\": {},\u001b[39m\n\u001b[31m    \"ip\": \"::1\",\u001b[39m\n\u001b[31m    \"userAgent\": \"Mozilla/5.0 (Windows NT 10.0; Win64; x64) AppleWebKit/537.36 (KHTML, like Gecko) Chrome/140.0.0.0 Safari/537.36\"\u001b[39m\n\u001b[31m  }\u001b[39m\n\u001b[31m}\u001b[39m","timestamp":"2025-09-18 22:39:26:3926"}
{"level":"\u001b[31merror\u001b[39m","message":"\u001b[31mGET /api/auth/me 401 - 3ms - ::1\u001b[39m","timestamp":"2025-09-18 22:39:26:3926"}
{"level":"\u001b[35mhttp\u001b[39m","message":"\u001b[35m::1 - - [18/Sep/2025:22:39:26 +0000] \"GET /api/auth/me HTTP/1.1\" 401 1533 \"http://localhost:5173/\" \"Mozilla/5.0 (Windows NT 10.0; Win64; x64) AppleWebKit/537.36 (KHTML, like Gecko) Chrome/140.0.0.0 Safari/537.36\"\u001b[39m","timestamp":"2025-09-18 22:39:26:3926"}
{"level":"\u001b[35mhttp\u001b[39m","message":"\u001b[35mGET /api/auth/me - ::1\u001b[39m","timestamp":"2025-09-18 22:39:26:3926"}
{"level":"\u001b[31merror\u001b[39m","message":"\u001b[31m{\u001b[39m\n\u001b[31m  \"message\": \"Access token is required. Please login.\",\u001b[39m\n\u001b[31m  \"statusCode\": 401,\u001b[39m\n\u001b[31m  \"timestamp\": \"2025-09-18T22:39:26.608Z\",\u001b[39m\n\u001b[31m  \"request\": {\u001b[39m\n\u001b[31m    \"method\": \"GET\",\u001b[39m\n\u001b[31m    \"url\": \"/api/auth/me\",\u001b[39m\n\u001b[31m    \"headers\": {\u001b[39m\n\u001b[31m      \"host\": \"localhost:5000\",\u001b[39m\n\u001b[31m      \"connection\": \"keep-alive\",\u001b[39m\n\u001b[31m      \"sec-ch-ua-platform\": \"\\\"Windows\\\"\",\u001b[39m\n\u001b[31m      \"user-agent\": \"Mozilla/5.0 (Windows NT 10.0; Win64; x64) AppleWebKit/537.36 (KHTML, like Gecko) Chrome/140.0.0.0 Safari/537.36\",\u001b[39m\n\u001b[31m      \"sec-ch-ua\": \"\\\"Chromium\\\";v=\\\"140\\\", \\\"Not=A?Brand\\\";v=\\\"24\\\", \\\"Google Chrome\\\";v=\\\"140\\\"\",\u001b[39m\n\u001b[31m      \"content-type\": \"application/json\",\u001b[39m\n\u001b[31m      \"sec-ch-ua-mobile\": \"?0\",\u001b[39m\n\u001b[31m      \"accept\": \"*/*\",\u001b[39m\n\u001b[31m      \"origin\": \"http://localhost:5173\",\u001b[39m\n\u001b[31m      \"sec-fetch-site\": \"same-site\",\u001b[39m\n\u001b[31m      \"sec-fetch-mode\": \"cors\",\u001b[39m\n\u001b[31m      \"sec-fetch-dest\": \"empty\",\u001b[39m\n\u001b[31m      \"referer\": \"http://localhost:5173/\",\u001b[39m\n\u001b[31m      \"accept-encoding\": \"gzip, deflate, br, zstd\",\u001b[39m\n\u001b[31m      \"accept-language\": \"en-US,en;q=0.9\",\u001b[39m\n\u001b[31m      \"cookie\": \"jwt=eyJhbGciOiJIUzI1NiIsInR5cCI6IkpXVCJ9.eyJfaWQiOiI2OGNiNjQ1OWVkZDFkMDhiYTk2MDZlNzAiLCJyb2xlIjoidXNlciIsImlhdCI6MTc1ODE1OTk2MSwiZXhwIjoxNzU4NzY0NzYxfQ.fPXReF23JZzwqxKzxn-rpOVJMHmGGRJowMVjQYrRPlQ\"\u001b[39m\n\u001b[31m    },\u001b[39m\n\u001b[31m    \"body\": {},\u001b[39m\n\u001b[31m    \"params\": {},\u001b[39m\n\u001b[31m    \"query\": {},\u001b[39m\n\u001b[31m    \"ip\": \"::1\",\u001b[39m\n\u001b[31m    \"userAgent\": \"Mozilla/5.0 (Windows NT 10.0; Win64; x64) AppleWebKit/537.36 (KHTML, like Gecko) Chrome/140.0.0.0 Safari/537.36\"\u001b[39m\n\u001b[31m  }\u001b[39m\n\u001b[31m}\u001b[39m","timestamp":"2025-09-18 22:39:26:3926"}
{"level":"\u001b[31merror\u001b[39m","message":"\u001b[31mGET /api/auth/me 401 - 8ms - ::1\u001b[39m","timestamp":"2025-09-18 22:39:26:3926"}
{"level":"\u001b[35mhttp\u001b[39m","message":"\u001b[35m::1 - - [18/Sep/2025:22:39:26 +0000] \"GET /api/auth/me HTTP/1.1\" 401 1533 \"http://localhost:5173/\" \"Mozilla/5.0 (Windows NT 10.0; Win64; x64) AppleWebKit/537.36 (KHTML, like Gecko) Chrome/140.0.0.0 Safari/537.36\"\u001b[39m","timestamp":"2025-09-18 22:39:26:3926"}
{"level":"\u001b[35mhttp\u001b[39m","message":"\u001b[35mGET /api/auth/me - ::1\u001b[39m","timestamp":"2025-09-18 22:39:33:3933"}
{"level":"\u001b[31merror\u001b[39m","message":"\u001b[31m{\u001b[39m\n\u001b[31m  \"message\": \"Access token is required. Please login.\",\u001b[39m\n\u001b[31m  \"statusCode\": 401,\u001b[39m\n\u001b[31m  \"timestamp\": \"2025-09-18T22:39:33.592Z\",\u001b[39m\n\u001b[31m  \"request\": {\u001b[39m\n\u001b[31m    \"method\": \"GET\",\u001b[39m\n\u001b[31m    \"url\": \"/api/auth/me\",\u001b[39m\n\u001b[31m    \"headers\": {\u001b[39m\n\u001b[31m      \"host\": \"localhost:5000\",\u001b[39m\n\u001b[31m      \"connection\": \"keep-alive\",\u001b[39m\n\u001b[31m      \"sec-ch-ua-platform\": \"\\\"Windows\\\"\",\u001b[39m\n\u001b[31m      \"user-agent\": \"Mozilla/5.0 (Windows NT 10.0; Win64; x64) AppleWebKit/537.36 (KHTML, like Gecko) Chrome/140.0.0.0 Safari/537.36\",\u001b[39m\n\u001b[31m      \"sec-ch-ua\": \"\\\"Chromium\\\";v=\\\"140\\\", \\\"Not=A?Brand\\\";v=\\\"24\\\", \\\"Google Chrome\\\";v=\\\"140\\\"\",\u001b[39m\n\u001b[31m      \"content-type\": \"application/json\",\u001b[39m\n\u001b[31m      \"sec-ch-ua-mobile\": \"?0\",\u001b[39m\n\u001b[31m      \"accept\": \"*/*\",\u001b[39m\n\u001b[31m      \"origin\": \"http://localhost:5173\",\u001b[39m\n\u001b[31m      \"sec-fetch-site\": \"same-site\",\u001b[39m\n\u001b[31m      \"sec-fetch-mode\": \"cors\",\u001b[39m\n\u001b[31m      \"sec-fetch-dest\": \"empty\",\u001b[39m\n\u001b[31m      \"referer\": \"http://localhost:5173/\",\u001b[39m\n\u001b[31m      \"accept-encoding\": \"gzip, deflate, br, zstd\",\u001b[39m\n\u001b[31m      \"accept-language\": \"en-US,en;q=0.9\",\u001b[39m\n\u001b[31m      \"cookie\": \"jwt=eyJhbGciOiJIUzI1NiIsInR5cCI6IkpXVCJ9.eyJfaWQiOiI2OGNiNjQ1OWVkZDFkMDhiYTk2MDZlNzAiLCJyb2xlIjoidXNlciIsImlhdCI6MTc1ODE1OTk2MSwiZXhwIjoxNzU4NzY0NzYxfQ.fPXReF23JZzwqxKzxn-rpOVJMHmGGRJowMVjQYrRPlQ\"\u001b[39m\n\u001b[31m    },\u001b[39m\n\u001b[31m    \"body\": {},\u001b[39m\n\u001b[31m    \"params\": {},\u001b[39m\n\u001b[31m    \"query\": {},\u001b[39m\n\u001b[31m    \"ip\": \"::1\",\u001b[39m\n\u001b[31m    \"userAgent\": \"Mozilla/5.0 (Windows NT 10.0; Win64; x64) AppleWebKit/537.36 (KHTML, like Gecko) Chrome/140.0.0.0 Safari/537.36\"\u001b[39m\n\u001b[31m  }\u001b[39m\n\u001b[31m}\u001b[39m","timestamp":"2025-09-18 22:39:33:3933"}
{"level":"\u001b[31merror\u001b[39m","message":"\u001b[31mGET /api/auth/me 401 - 4ms - ::1\u001b[39m","timestamp":"2025-09-18 22:39:33:3933"}
{"level":"\u001b[35mhttp\u001b[39m","message":"\u001b[35m::1 - - [18/Sep/2025:22:39:33 +0000] \"GET /api/auth/me HTTP/1.1\" 401 1533 \"http://localhost:5173/\" \"Mozilla/5.0 (Windows NT 10.0; Win64; x64) AppleWebKit/537.36 (KHTML, like Gecko) Chrome/140.0.0.0 Safari/537.36\"\u001b[39m","timestamp":"2025-09-18 22:39:33:3933"}
{"level":"\u001b[35mhttp\u001b[39m","message":"\u001b[35mGET /api/auth/me - ::1\u001b[39m","timestamp":"2025-09-18 22:39:33:3933"}
{"level":"\u001b[31merror\u001b[39m","message":"\u001b[31m{\u001b[39m\n\u001b[31m  \"message\": \"Access token is required. Please login.\",\u001b[39m\n\u001b[31m  \"statusCode\": 401,\u001b[39m\n\u001b[31m  \"timestamp\": \"2025-09-18T22:39:33.602Z\",\u001b[39m\n\u001b[31m  \"request\": {\u001b[39m\n\u001b[31m    \"method\": \"GET\",\u001b[39m\n\u001b[31m    \"url\": \"/api/auth/me\",\u001b[39m\n\u001b[31m    \"headers\": {\u001b[39m\n\u001b[31m      \"host\": \"localhost:5000\",\u001b[39m\n\u001b[31m      \"connection\": \"keep-alive\",\u001b[39m\n\u001b[31m      \"sec-ch-ua-platform\": \"\\\"Windows\\\"\",\u001b[39m\n\u001b[31m      \"user-agent\": \"Mozilla/5.0 (Windows NT 10.0; Win64; x64) AppleWebKit/537.36 (KHTML, like Gecko) Chrome/140.0.0.0 Safari/537.36\",\u001b[39m\n\u001b[31m      \"sec-ch-ua\": \"\\\"Chromium\\\";v=\\\"140\\\", \\\"Not=A?Brand\\\";v=\\\"24\\\", \\\"Google Chrome\\\";v=\\\"140\\\"\",\u001b[39m\n\u001b[31m      \"content-type\": \"application/json\",\u001b[39m\n\u001b[31m      \"sec-ch-ua-mobile\": \"?0\",\u001b[39m\n\u001b[31m      \"accept\": \"*/*\",\u001b[39m\n\u001b[31m      \"origin\": \"http://localhost:5173\",\u001b[39m\n\u001b[31m      \"sec-fetch-site\": \"same-site\",\u001b[39m\n\u001b[31m      \"sec-fetch-mode\": \"cors\",\u001b[39m\n\u001b[31m      \"sec-fetch-dest\": \"empty\",\u001b[39m\n\u001b[31m      \"referer\": \"http://localhost:5173/\",\u001b[39m\n\u001b[31m      \"accept-encoding\": \"gzip, deflate, br, zstd\",\u001b[39m\n\u001b[31m      \"accept-language\": \"en-US,en;q=0.9\",\u001b[39m\n\u001b[31m      \"cookie\": \"jwt=eyJhbGciOiJIUzI1NiIsInR5cCI6IkpXVCJ9.eyJfaWQiOiI2OGNiNjQ1OWVkZDFkMDhiYTk2MDZlNzAiLCJyb2xlIjoidXNlciIsImlhdCI6MTc1ODE1OTk2MSwiZXhwIjoxNzU4NzY0NzYxfQ.fPXReF23JZzwqxKzxn-rpOVJMHmGGRJowMVjQYrRPlQ\"\u001b[39m\n\u001b[31m    },\u001b[39m\n\u001b[31m    \"body\": {},\u001b[39m\n\u001b[31m    \"params\": {},\u001b[39m\n\u001b[31m    \"query\": {},\u001b[39m\n\u001b[31m    \"ip\": \"::1\",\u001b[39m\n\u001b[31m    \"userAgent\": \"Mozilla/5.0 (Windows NT 10.0; Win64; x64) AppleWebKit/537.36 (KHTML, like Gecko) Chrome/140.0.0.0 Safari/537.36\"\u001b[39m\n\u001b[31m  }\u001b[39m\n\u001b[31m}\u001b[39m","timestamp":"2025-09-18 22:39:33:3933"}
{"level":"\u001b[31merror\u001b[39m","message":"\u001b[31mGET /api/auth/me 401 - 16ms - ::1\u001b[39m","timestamp":"2025-09-18 22:39:33:3933"}
{"level":"\u001b[35mhttp\u001b[39m","message":"\u001b[35m::1 - - [18/Sep/2025:22:39:33 +0000] \"GET /api/auth/me HTTP/1.1\" 401 1533 \"http://localhost:5173/\" \"Mozilla/5.0 (Windows NT 10.0; Win64; x64) AppleWebKit/537.36 (KHTML, like Gecko) Chrome/140.0.0.0 Safari/537.36\"\u001b[39m","timestamp":"2025-09-18 22:39:33:3933"}
{"level":"\u001b[35mhttp\u001b[39m","message":"\u001b[35mGET /api/products - ::1\u001b[39m","timestamp":"2025-09-18 22:39:40:3940"}
{"level":"\u001b[37mdebug\u001b[39m","message":"\u001b[37mPERFORMANCE: {\"operation\":\"getAllProducts\",\"duration\":\"282ms\",\"timestamp\":\"2025-09-18T22:39:41.115Z\",\"resultsCount\":0,\"filters\":{}}\u001b[39m","timestamp":"2025-09-18 22:39:41:3941"}
{"level":"\u001b[35mhttp\u001b[39m","message":"\u001b[35mGET /api/products 200 - 285ms - ::1\u001b[39m","timestamp":"2025-09-18 22:39:41:3941"}
{"level":"\u001b[35mhttp\u001b[39m","message":"\u001b[35m::1 - - [18/Sep/2025:22:39:41 +0000] \"GET /api/products HTTP/1.1\" 304 - \"http://localhost:5173/\" \"Mozilla/5.0 (Windows NT 10.0; Win64; x64) AppleWebKit/537.36 (KHTML, like Gecko) Chrome/140.0.0.0 Safari/537.36\"\u001b[39m","timestamp":"2025-09-18 22:39:41:3941"}
{"level":"\u001b[35mhttp\u001b[39m","message":"\u001b[35mGET /api/products - ::1\u001b[39m","timestamp":"2025-09-18 22:39:41:3941"}
{"level":"\u001b[37mdebug\u001b[39m","message":"\u001b[37mPERFORMANCE: {\"operation\":\"getAllProducts\",\"duration\":\"281ms\",\"timestamp\":\"2025-09-18T22:39:41.403Z\",\"resultsCount\":0,\"filters\":{}}\u001b[39m","timestamp":"2025-09-18 22:39:41:3941"}
{"level":"\u001b[35mhttp\u001b[39m","message":"\u001b[35mGET /api/products 200 - 283ms - ::1\u001b[39m","timestamp":"2025-09-18 22:39:41:3941"}
{"level":"\u001b[35mhttp\u001b[39m","message":"\u001b[35m::1 - - [18/Sep/2025:22:39:41 +0000] \"GET /api/products HTTP/1.1\" 304 - \"http://localhost:5173/\" \"Mozilla/5.0 (Windows NT 10.0; Win64; x64) AppleWebKit/537.36 (KHTML, like Gecko) Chrome/140.0.0.0 Safari/537.36\"\u001b[39m","timestamp":"2025-09-18 22:39:41:3941"}
{"level":"\u001b[35mhttp\u001b[39m","message":"\u001b[35mGET /api/products - ::1\u001b[39m","timestamp":"2025-09-18 22:39:41:3941"}
{"level":"\u001b[37mdebug\u001b[39m","message":"\u001b[37mPERFORMANCE: {\"operation\":\"getAllProducts\",\"duration\":\"280ms\",\"timestamp\":\"2025-09-18T22:39:42.188Z\",\"resultsCount\":0,\"filters\":{}}\u001b[39m","timestamp":"2025-09-18 22:39:42:3942"}
{"level":"\u001b[35mhttp\u001b[39m","message":"\u001b[35mGET /api/products 200 - 282ms - ::1\u001b[39m","timestamp":"2025-09-18 22:39:42:3942"}
{"level":"\u001b[35mhttp\u001b[39m","message":"\u001b[35m::1 - - [18/Sep/2025:22:39:42 +0000] \"GET /api/products HTTP/1.1\" 304 - \"http://localhost:5173/\" \"Mozilla/5.0 (Windows NT 10.0; Win64; x64) AppleWebKit/537.36 (KHTML, like Gecko) Chrome/140.0.0.0 Safari/537.36\"\u001b[39m","timestamp":"2025-09-18 22:39:42:3942"}
{"level":"\u001b[35mhttp\u001b[39m","message":"\u001b[35mGET /api/products - ::1\u001b[39m","timestamp":"2025-09-18 22:39:42:3942"}
{"level":"\u001b[37mdebug\u001b[39m","message":"\u001b[37mPERFORMANCE: {\"operation\":\"getAllProducts\",\"duration\":\"269ms\",\"timestamp\":\"2025-09-18T22:39:42.475Z\",\"resultsCount\":0,\"filters\":{}}\u001b[39m","timestamp":"2025-09-18 22:39:42:3942"}
{"level":"\u001b[35mhttp\u001b[39m","message":"\u001b[35mGET /api/products 200 - 273ms - ::1\u001b[39m","timestamp":"2025-09-18 22:39:42:3942"}
{"level":"\u001b[35mhttp\u001b[39m","message":"\u001b[35m::1 - - [18/Sep/2025:22:39:42 +0000] \"GET /api/products HTTP/1.1\" 304 - \"http://localhost:5173/\" \"Mozilla/5.0 (Windows NT 10.0; Win64; x64) AppleWebKit/537.36 (KHTML, like Gecko) Chrome/140.0.0.0 Safari/537.36\"\u001b[39m","timestamp":"2025-09-18 22:39:42:3942"}
{"level":"\u001b[35mhttp\u001b[39m","message":"\u001b[35mGET /api/products - ::1\u001b[39m","timestamp":"2025-09-18 22:39:44:3944"}
{"level":"\u001b[37mdebug\u001b[39m","message":"\u001b[37mPERFORMANCE: {\"operation\":\"getAllProducts\",\"duration\":\"275ms\",\"timestamp\":\"2025-09-18T22:39:44.471Z\",\"resultsCount\":0,\"filters\":{}}\u001b[39m","timestamp":"2025-09-18 22:39:44:3944"}
{"level":"\u001b[35mhttp\u001b[39m","message":"\u001b[35mGET /api/products 200 - 277ms - ::1\u001b[39m","timestamp":"2025-09-18 22:39:44:3944"}
{"level":"\u001b[35mhttp\u001b[39m","message":"\u001b[35m::1 - - [18/Sep/2025:22:39:44 +0000] \"GET /api/products HTTP/1.1\" 304 - \"http://localhost:5173/\" \"Mozilla/5.0 (Windows NT 10.0; Win64; x64) AppleWebKit/537.36 (KHTML, like Gecko) Chrome/140.0.0.0 Safari/537.36\"\u001b[39m","timestamp":"2025-09-18 22:39:44:3944"}
{"level":"\u001b[35mhttp\u001b[39m","message":"\u001b[35mGET /api/products - ::1\u001b[39m","timestamp":"2025-09-18 22:39:44:3944"}
{"level":"\u001b[37mdebug\u001b[39m","message":"\u001b[37mPERFORMANCE: {\"operation\":\"getAllProducts\",\"duration\":\"269ms\",\"timestamp\":\"2025-09-18T22:39:44.747Z\",\"resultsCount\":0,\"filters\":{}}\u001b[39m","timestamp":"2025-09-18 22:39:44:3944"}
{"level":"\u001b[35mhttp\u001b[39m","message":"\u001b[35mGET /api/products 200 - 272ms - ::1\u001b[39m","timestamp":"2025-09-18 22:39:44:3944"}
{"level":"\u001b[35mhttp\u001b[39m","message":"\u001b[35m::1 - - [18/Sep/2025:22:39:44 +0000] \"GET /api/products HTTP/1.1\" 304 - \"http://localhost:5173/\" \"Mozilla/5.0 (Windows NT 10.0; Win64; x64) AppleWebKit/537.36 (KHTML, like Gecko) Chrome/140.0.0.0 Safari/537.36\"\u001b[39m","timestamp":"2025-09-18 22:39:44:3944"}
{"level":"\u001b[35mhttp\u001b[39m","message":"\u001b[35mGET /api/products - ::1\u001b[39m","timestamp":"2025-09-18 22:39:53:3953"}
{"level":"\u001b[37mdebug\u001b[39m","message":"\u001b[37mPERFORMANCE: {\"operation\":\"getAllProducts\",\"duration\":\"282ms\",\"timestamp\":\"2025-09-18T22:39:54.152Z\",\"resultsCount\":0,\"filters\":{}}\u001b[39m","timestamp":"2025-09-18 22:39:54:3954"}
{"level":"\u001b[35mhttp\u001b[39m","message":"\u001b[35mGET /api/products 200 - 285ms - ::1\u001b[39m","timestamp":"2025-09-18 22:39:54:3954"}
{"level":"\u001b[35mhttp\u001b[39m","message":"\u001b[35m::1 - - [18/Sep/2025:22:39:54 +0000] \"GET /api/products HTTP/1.1\" 304 - \"http://localhost:5173/\" \"Mozilla/5.0 (Windows NT 10.0; Win64; x64) AppleWebKit/537.36 (KHTML, like Gecko) Chrome/140.0.0.0 Safari/537.36\"\u001b[39m","timestamp":"2025-09-18 22:39:54:3954"}
{"level":"\u001b[35mhttp\u001b[39m","message":"\u001b[35mGET /api/products - ::1\u001b[39m","timestamp":"2025-09-18 22:39:54:3954"}
{"level":"\u001b[37mdebug\u001b[39m","message":"\u001b[37mPERFORMANCE: {\"operation\":\"getAllProducts\",\"duration\":\"287ms\",\"timestamp\":\"2025-09-18T22:39:54.455Z\",\"resultsCount\":0,\"filters\":{}}\u001b[39m","timestamp":"2025-09-18 22:39:54:3954"}
{"level":"\u001b[35mhttp\u001b[39m","message":"\u001b[35mGET /api/products 200 - 290ms - ::1\u001b[39m","timestamp":"2025-09-18 22:39:54:3954"}
{"level":"\u001b[35mhttp\u001b[39m","message":"\u001b[35m::1 - - [18/Sep/2025:22:39:54 +0000] \"GET /api/products HTTP/1.1\" 304 - \"http://localhost:5173/\" \"Mozilla/5.0 (Windows NT 10.0; Win64; x64) AppleWebKit/537.36 (KHTML, like Gecko) Chrome/140.0.0.0 Safari/537.36\"\u001b[39m","timestamp":"2025-09-18 22:39:54:3954"}
